0.61328324457 0.5 0.5 0.8 0.532333333333 0.0296 0.0096 0.009 0.0045 0 1 1538619551.0
0.61328324457 0.5 0.5 0.8 0.282 0.0292 0.0414 0.7322 0.6041 0 1 1538669700.0
0.61328324457 0.5 0.5 0.8 0.282 0.0304 0.0324 0.7322 0.6041 0 1 1538669739.0
0.61328324457 0.5 0.5 0.8 0.401333333333 0.0304 0.0324 0.7322 0.6041 0 1 1538669730.0
0.61328324457 0.5 0.5 0.8 0.401333333333 0.0298 0.0304 0.7322 0.6041 0 1 1538669708.0
0.61328324457 0.5 0.5 0.8 0.532333333333 0.0296 0.0096 0.009 0.0045 0 1 1538619551.0
0.61328324457 0.5 0.5 0.8 0.532333333333 0.0296 0.0096 0.009 0.0045 0 1 1538619551.0
0.61328324457 0.5 0.5 0.8 0.316 0.0304 0.0324 0.009 0.0045 0 1 1538679572.0
0.61328324457 0.5 0.5 0.8 0.316 0.0304 0.0324 0.009 0.0045 0 1 1538679573.0
0.61328324457 0.5 0.5 0.8 0.316 0.0304 0.0324 0.009 0.0045 0 1 1538679573.0
0.61328324457 0.5 0.5 0.8 0.316 0.0304 0.0324 0.009 0.0045 0 1 1538679573.0
0.61328324457 0.5 0.5 0.8 0.316 0.0304 0.0324 0.009 0.0045 0 1 1538679573.0
0.61328324457 0.5 0.5 0.8 0.282 0.0292 0.0408 0.009 0.8968 0 1 1538679800.0
0.61328324457 0.5 0.5 0.8 0.282 0.0292 0.0396 0.009 0.8968 0 1 1538679863.0
0.371676606213 0.5 0.5 0.8 0.282 0.0292 0.0414 0.009 0.7904 0 1 1538680287.0
0.61328324457 0.5 0.5 0.8 0.316 0.0304 0.0324 0.009 0.0045 0 1 1538679573.0
0.61328324457 0.5 0.5 0.8 0.316 0.0304 0.0324 0.009 0.0045 0 1 1538679573.0
0.61328324457 0.5 0.5 0.8 0.316 0.0304 0.0324 0.009 0.0045 0 1 1538679573.0
0.61328324457 0.5 0.5 0.8 0.316 0.0304 0.0324 0.009 0.0045 0 1 1538679573.0
0.61328324457 0.5 0.5 0.8 0.316 0.0304 0.0324 0.009 0.0045 0 1 1538679573.0
0.61328324457 0.5 0.5 0.8 0.316 0.0304 0.0324 0.009 0.0045 0 1 1538679573.0
0.61328324457 0.5 0.5 0.8 0.316 0.0304 0.0324 0.009 0.0045 0 1 1538679573.0
0.61328324457 0.5 0.5 0.8 0.316 0.0304 0.0324 0.009 0.0045 0 1 1538679585.0
0.61328324457 0.5 0.5 0.8 0.316 0.0304 0.0324 0.009 0.0045 0 1 1538679585.0
0.61328324457 0.5 0.5 0.8 0.316 0.0304 0.0324 0.009 0.0045 0 1 1538679585.0
0.61328324457 0.5 0.5 0.8 0.316 0.0304 0.0324 0.009 0.0045 0 1 1538679585.0
0.61328324457 0.5 0.5 0.8 0.316 0.0304 0.0324 0.009 0.0045 0 1 1538679585.0
0.61328324457 0.5 0.5 0.8 0.316 0.0304 0.0324 0.009 0.0045 0 1 1538679585.0
0.61328324457 0.5 0.5 0.8 0.316 0.0304 0.0324 0.009 0.0045 0 1 1538679585.0
0.61328324457 0.5 0.5 0.8 0.316 0.0304 0.0324 0.009 0.0045 0 1 1538679585.0
0.61328324457 0.5 0.5 0.8 0.316 0.0298 0.0304 0.009 0.0045 0 1 1538679552.0
0.61328324457 0.5 0.5 0.8 0.401333333333 0.0304 0.0324 0.7322 0.6041 0 1 1538669730.0
0.61328324457 0.5 0.5 0.8 0.401333333333 0.0298 0.0304 0.7322 0.6041 0 1 1538669708.0
0.61328324457 0.5 0.5 0.8 0.532333333333 0.0296 0.0096 0.009 0.0045 0 1 1538619551.0
0.61328324457 0.5 0.5 0.8 0.532333333333 0.0296 0.0096 0.009 0.0045 0 1 1538619551.0
0.61328324457 0.5 0.5 0.8 0.282 0.0292 0.0394 0.009 0.8968 0 1 1538682610.0
0.237291711671 0.5 0.5 0.8 0.282 0.0292 0.0418 0.009 0.6002 0 1 1538682711.0
0.61328324457 0.5 0.5 0.8 0.282 0.0292 0.0396 0.009 0.8968 0 1 1538683308.0
0.240980111584 0.5 0.5 0.8 2.098 0.0304 0.0302 0.009 0.5143 0 1 1538683516.0
0.61328324457 0.5 0.5 0.8 0.316 0.0304 0.0324 0.009 0.0045 0 1 1538679585.0
0.61328324457 0.5 0.5 0.8 0.316 0.0304 0.0324 0.009 0.0045 0 1 1538679585.0
0.61328324457 0.5 0.5 0.8 0.316 0.0304 0.0324 0.009 0.0045 0 1 1538679585.0
0.61328324457 0.5 0.5 0.8 0.316 0.0304 0.0324 0.009 0.0045 0 1 1538679585.0
0.61328324457 0.5 0.5 0.8 0.316 0.0304 0.0324 0.009 0.0045 0 1 1538679585.0
0.61328324457 0.5 0.5 0.8 0.316 0.0298 0.0304 0.009 0.0045 0 1 1538679552.0
0.61328324457 0.5 0.5 0.8 0.316 0.0298 0.0304 0.009 0.0045 0 1 1538679550.0
0.61328324457 0.5 0.5 0.8 0.316 0.0298 0.0304 0.009 0.0045 0 1 1538679552.0
0.61328324457 0.5 0.5 0.8 0.316 0.0298 0.0304 0.009 0.0045 0 1 1538679550.0
0.61328324457 0.5 0.5 0.8 0.316 0.0298 0.0304 0.009 0.0045 0 1 1538679552.0
0.61328324457 0.5 0.5 0.8 251.862 0.0306 0.0096 0.009 0.0045 0 1 1538680611.0
0.61328324457 0.5 0.5 0.8 0.281666666667 0.0292 0.0434 0.009 0.0045 0 1 1538683603.0
0.61328324457 0.5 0.5 0.8 0.281666666667 0.0292 0.0434 0.009 0.0045 0 1 1538683603.0
0.61328324457 0.5 0.5 0.8 0.281666666667 0.0306 0.0302 0.009 0.0045 0 1 1538683603.0
0.61328324457 0.5 0.5 0.8 0.281666666667 0.0306 0.0302 0.009 0.0045 0 1 1538683603.0
0.61328324457 0.5 0.5 0.8 0.281666666667 0.0306 0.0302 0.009 0.0045 0 1 1538683603.0
0.61328324457 0.5 0.5 0.8 0.281666666667 0.0306 0.0302 0.009 0.0045 0 1 1538683603.0
0.61328324457 0.5 0.5 0.8 0.281666666667 0.0306 0.0302 0.009 0.0045 0 1 1538683603.0
0.61328324457 0.5 0.5 0.8 0.281666666667 0.0306 0.0302 0.009 0.0045 0 1 1538683603.0
0.61328324457 0.5 0.5 0.8 0.281666666667 0.0306 0.0302 0.009 0.0045 0 1 1538683603.0
0.61328324457 0.5 0.5 0.8 0.281666666667 0.0306 0.0302 0.009 0.0045 0 1 1538683603.0
0.61328324457 0.5 0.5 0.8 0.281666666667 0.0306 0.0302 0.009 0.0045 0 1 1538683603.0
0.61328324457 0.5 0.5 0.8 0.281666666667 0.0306 0.0302 0.009 0.0045 0 1 1538683603.0
0.61328324457 0.5 0.5 0.8 0.281666666667 0.0292 0.0434 0.009 0.0045 0 1 1538683806.0
0.61328324457 0.5 0.5 0.8 0.281666666667 0.0292 0.0434 0.009 0.0045 0 1 1538683836.0
0.61328324457 0.5 0.5 0.8 0.281666666667 0.0292 0.0434 0.009 0.0045 0 1 1538683829.0
0.61328324457 0.5 0.5 0.8 0.282 0.0292 0.0398 0.009 0.8968 0 1 1538683621.0
0.61328324457 0.5 0.5 0.8 0.532333333333 0.0296 0.0096 0.009 0.0045 0 1 1538619551.0
0.61328324457 0.5 0.5 0.8 0.282 0.0292 0.0414 0.7322 0.6041 0 1 1538669700.0
0.61328324457 0.5 0.5 0.8 0.282 0.0304 0.0324 0.7322 0.6041 0 1 1538669739.0
0.61328324457 0.5 0.5 0.8 0.401333333333 0.0304 0.0324 0.7322 0.6041 0 1 1538669730.0
0.61328324457 0.5 0.5 0.8 0.401333333333 0.0298 0.0304 0.7322 0.6041 0 1 1538669708.0
0.61328324457 0.5 0.5 0.8 0.532333333333 0.0296 0.0096 0.009 0.0045 0 1 1538619551.0
0.61328324457 0.5 0.5 0.8 0.532333333333 0.0296 0.0096 0.009 0.0045 0 1 1538619551.0
0.61328324457 0.5 0.5 0.8 0.281666666667 0.0292 0.0434 0.009 0.0045 0 1 1538686122.0
0.61328324457 0.5 0.5 0.8 0.281666666667 0.0292 0.0434 0.009 0.0045 0 1 1538686122.0
0.61328324457 0.5 0.5 0.8 0.281666666667 0.0292 0.0434 0.009 0.0045 0 1 1538686122.0
0.61328324457 0.5 0.5 0.8 0.281666666667 0.0292 0.0434 0.009 0.0045 0 1 1538686122.0
0.61328324457 0.5 0.5 0.8 0.281666666667 0.0292 0.0434 0.009 0.0045 0 1 1538686122.0
0.61328324457 0.5 0.5 0.8 0.281666666667 0.0292 0.0434 0.009 0.0045 0 1 1538686122.0
0.61328324457 0.5 0.5 0.8 0.281666666667 0.0292 0.0434 0.009 0.0045 0 1 1538686122.0
0.61328324457 0.5 0.5 0.8 0.281666666667 0.0292 0.0434 0.009 0.0045 0 1 1538686122.0
0.61328324457 0.5 0.5 0.8 0.281666666667 0.0292 0.0434 0.009 0.0045 0 1 1538686122.0
0.61328324457 0.5 0.5 0.8 0.281666666667 0.0292 0.0434 0.009 0.0045 0 1 1538686122.0
0.61328324457 0.5 0.5 0.8 0.281666666667 0.0292 0.0434 0.009 0.0045 0 1 1538686122.0
0.61328324457 0.5 0.5 0.8 0.281666666667 0.0292 0.0434 0.009 0.0045 0 1 1538686122.0
0.61328324457 0.5 0.5 0.8 0.281666666667 0.0292 0.0434 0.009 0.0045 0 1 1538686122.0
0.61328324457 0.5 0.5 0.8 0.281666666667 0.0292 0.0434 0.009 0.0045 0 1 1538686122.0
0.61328324457 0.5 0.5 0.8 0.281666666667 0.0292 0.0434 0.009 0.0045 0 1 1538686122.0
0.61328324457 0.5 0.5 0.8 0.281666666667 0.0292 0.0434 0.009 0.0045 0 1 1538686122.0
0.61328324457 0.5 0.5 0.8 0.281666666667 0.0292 0.0434 0.009 0.0045 0 1 1538686122.0
0.61328324457 0.5 0.5 0.8 0.281666666667 0.0292 0.0434 0.009 0.0045 0 1 1538686122.0
0.61328324457 0.5 0.5 0.8 0.281666666667 0.0292 0.0434 0.009 0.0045 0 1 1538686122.0
0.61328324457 0.5 0.5 0.8 0.281666666667 0.0292 0.0434 0.009 0.0045 0 1 1538686123.0
0.61328324457 0.5 0.5 0.8 0.281666666667 0.0292 0.0434 0.009 0.0045 0 1 1538686123.0
0.61328324457 0.5 0.5 0.8 0.281666666667 0.0292 0.0434 0.009 0.0045 0 1 1538686123.0
0.61328324457 0.5 0.5 0.8 0.281666666667 0.0292 0.0434 0.009 0.0045 0 1 1538686123.0
0.61328324457 0.5 0.5 0.8 0.281666666667 0.0292 0.0434 0.009 0.0045 0 1 1538686123.0
0.61328324457 0.5 0.5 0.8 0.316 0.0304 0.0324 0.009 0.0045 0 1 1538679585.0
0.61328324457 0.5 0.5 0.8 0.316 0.0304 0.0324 0.009 0.0045 0 1 1538679585.0
0.61328324457 0.5 0.5 0.8 0.316 0.0304 0.0324 0.009 0.0045 0 1 1538679585.0
0.61328324457 0.5 0.5 0.8 0.316 0.0298 0.0304 0.009 0.0045 0 1 1538679552.0
0.61328324457 0.5 0.5 0.8 0.401333333333 0.0304 0.0324 0.7322 0.6041 0 1 1538669730.0
0.61328324457 0.5 0.5 0.8 0.401333333333 0.0298 0.0304 0.7322 0.6041 0 1 1538669708.0
0.61328324457 0.5 0.5 0.8 0.532333333333 0.0296 0.0096 0.009 0.0045 0 1 1538619551.0
0.61328324457 0.5 0.5 0.8 0.532333333333 0.0296 0.0096 0.009 0.0045 0 1 1538619551.0
0.61328324457 0.5 0.5 0.8 0.282 0.0292 0.0394 0.009 0.8968 0 1 1538682610.0
0.237291711671 0.5 0.5 0.8 0.282 0.0292 0.0418 0.009 0.6002 0 1 1538682711.0
0.61328324457 0.5 0.5 0.8 0.282 0.0292 0.0396 0.009 0.8968 0 1 1538683308.0
0.240980111584 0.5 0.5 0.8 2.098 0.0304 0.0302 0.009 0.5143 0 1 1538683516.0
0.61328324457 0.5 0.5 0.8 0.316 0.0304 0.0324 0.009 0.0045 0 1 1538679585.0
0.61328324457 0.5 0.5 0.8 0.316 0.0304 0.0324 0.009 0.0045 0 1 1538679585.0
0.61328324457 0.5 0.5 0.8 0.316 0.0304 0.0324 0.009 0.0045 0 1 1538679585.0
0.61328324457 0.5 0.5 0.8 0.316 0.0304 0.0324 0.009 0.0045 0 1 1538679585.0
0.61328324457 0.5 0.5 0.8 0.316 0.0304 0.0324 0.009 0.0045 0 1 1538679585.0
0.61328324457 0.5 0.5 0.8 0.316 0.0298 0.0304 0.009 0.0045 0 1 1538679552.0
0.61328324457 0.5 0.5 0.8 0.316 0.0298 0.0304 0.009 0.0045 0 1 1538679550.0
0.61328324457 0.5 0.5 0.8 0.316 0.0298 0.0304 0.009 0.0045 0 1 1538679552.0
0.61328324457 0.5 0.5 0.8 0.316 0.0298 0.0304 0.009 0.0045 0 1 1538679550.0
0.61328324457 0.5 0.5 0.8 0.316 0.0298 0.0304 0.009 0.0045 0 1 1538679552.0
0.61328324457 0.5 0.5 0.8 251.862 0.0306 0.0096 0.009 0.0045 0 1 1538680611.0
0.61328324457 0.5 0.5 0.8 0.281666666667 0.0292 0.0434 0.009 0.0045 0 1 1538683603.0
0.61328324457 0.5 0.5 0.8 0.281666666667 0.0292 0.0434 0.009 0.0045 0 1 1538683603.0
0.61328324457 0.5 0.5 0.8 0.281666666667 0.0306 0.0302 0.009 0.0045 0 1 1538683603.0
0.61328324457 0.5 0.5 0.8 0.281666666667 0.0306 0.0302 0.009 0.0045 0 1 1538683603.0
0.61328324457 0.5 0.5 0.8 0.281666666667 0.0306 0.0302 0.009 0.0045 0 1 1538683603.0
0.61328324457 0.5 0.5 0.8 0.281666666667 0.0306 0.0302 0.009 0.0045 0 1 1538683603.0
0.61328324457 0.5 0.5 0.8 0.281666666667 0.0306 0.0302 0.009 0.0045 0 1 1538683603.0
0.61328324457 0.5 0.5 0.8 0.281666666667 0.0306 0.0302 0.009 0.0045 0 1 1538683603.0
0.61328324457 0.5 0.5 0.8 0.281666666667 0.0306 0.0302 0.009 0.0045 0 1 1538683603.0
0.61328324457 0.5 0.5 0.8 0.281666666667 0.0306 0.0302 0.009 0.0045 0 1 1538683603.0
0.61328324457 0.5 0.5 0.8 0.281666666667 0.0306 0.0302 0.009 0.0045 0 1 1538683603.0
0.61328324457 0.5 0.5 0.8 0.281666666667 0.0306 0.0302 0.009 0.0045 0 1 1538683603.0
0.61328324457 0.5 0.5 0.8 0.281666666667 0.0292 0.0434 0.009 0.0045 0 1 1538683806.0
0.61328324457 0.5 0.5 0.8 0.281666666667 0.0292 0.0434 0.009 0.0045 0 1 1538683836.0
0.61328324457 0.5 0.5 0.8 0.281666666667 0.0292 0.0434 0.009 0.0045 0 1 1538683829.0
0.61328324457 0.5 0.5 0.8 0.282 0.0292 0.0398 0.009 0.8968 0 1 1538683621.0
0.61328324457 0.5 0.5 0.8 0.532333333333 0.0296 0.0096 0.009 0.0045 0 1 1538619551.0
0.61328324457 0.5 0.5 0.8 0.282 0.0292 0.0414 0.7322 0.6041 0 1 1538669700.0
0.61328324457 0.5 0.5 0.8 0.282 0.0304 0.0324 0.7322 0.6041 0 1 1538669739.0
0.61328324457 0.5 0.5 0.8 0.401333333333 0.0304 0.0324 0.7322 0.6041 0 1 1538669730.0
0.61328324457 0.5 0.5 0.8 0.401333333333 0.0298 0.0304 0.7322 0.6041 0 1 1538669708.0
0.61328324457 0.5 0.5 0.8 0.532333333333 0.0296 0.0096 0.009 0.0045 0 1 1538619551.0
0.61328324457 0.5 0.5 0.8 0.532333333333 0.0296 0.0096 0.009 0.0045 0 1 1538619551.0
0.61328324457 0.5 0.5 0.8 0.281666666667 0.0292 0.0434 0.009 0.0045 0 1 1538686123.0
0.61328324457 0.5 0.5 0.8 0.281666666667 0.0292 0.0434 0.009 0.0045 0 1 1538686123.0
0.61328324457 0.5 0.5 0.8 0.281666666667 0.0292 0.0434 0.009 0.0045 0 1 1538686123.0
0.61328324457 0.5 0.5 0.8 0.281666666667 0.0292 0.0434 0.009 0.0045 0 1 1538686123.0
0.61328324457 0.5 0.5 0.8 0.281666666667 0.0292 0.0434 0.009 0.0045 0 1 1538686123.0
0.61328324457 0.5 0.5 0.8 0.281666666667 0.0292 0.0434 0.009 0.0045 0 1 1538686123.0
0.61328324457 0.5 0.5 0.8 0.281666666667 0.0292 0.0434 0.009 0.0045 0 1 1538686123.0
0.61328324457 0.5 0.5 0.8 0.281666666667 0.0292 0.0434 0.009 0.0045 0 1 1538686123.0
0.61328324457 0.5 0.5 0.8 0.281666666667 0.0292 0.0434 0.009 0.0045 0 1 1538686123.0
0.61328324457 0.5 0.5 0.8 0.281666666667 0.0292 0.0434 0.009 0.0045 0 1 1538686123.0
0.61328324457 0.5 0.5 0.8 0.281666666667 0.0292 0.0434 0.009 0.0045 0 1 1538686123.0
0.61328324457 0.5 0.5 0.8 0.281666666667 0.0292 0.0434 0.009 0.0045 0 1 1538686123.0
0.61328324457 0.5 0.5 0.8 0.281666666667 0.0292 0.0434 0.009 0.0045 0 1 1538686123.0
0.61328324457 0.5 0.5 0.8 0.281666666667 0.0292 0.0434 0.009 0.0045 0 1 1538686123.0
0.61328324457 0.5 0.5 0.8 0.281666666667 0.0292 0.0434 0.009 0.0045 0 1 1538686123.0
0.61328324457 0.5 0.5 0.8 0.281666666667 0.0292 0.0434 0.009 0.0045 0 1 1538686123.0
0.61328324457 0.5 0.5 0.8 0.281666666667 0.0292 0.0434 0.009 0.0045 0 1 1538686123.0
0.61328324457 0.5 0.5 0.8 0.281666666667 0.0292 0.0434 0.009 0.0045 0 1 1538686123.0
0.61328324457 0.5 0.5 0.8 0.281666666667 0.0292 0.0434 0.009 0.0045 0 1 1538686123.0
0.61328324457 0.5 0.5 0.8 0.281666666667 0.0292 0.0434 0.009 0.0045 0 1 1538686123.0
0.61328324457 0.5 0.5 0.8 0.281666666667 0.0292 0.0434 0.009 0.0045 0 1 1538686123.0
0.61328324457 0.5 0.5 0.8 0.281666666667 0.0292 0.0434 0.009 0.0045 0 1 1538686123.0
0.61328324457 0.5 0.5 0.8 0.281666666667 0.0292 0.0434 0.009 0.0045 0 1 1538686123.0
0.61328324457 0.5 0.5 0.8 0.281666666667 0.0292 0.0434 0.009 0.0045 0 1 1538686123.0
0.61328324457 0.5 0.5 0.8 0.281666666667 0.0292 0.0434 0.009 0.0045 0 1 1538686123.0
0.61328324457 0.5 0.5 0.8 0.281666666667 0.0292 0.0434 0.009 0.0045 0 1 1538686124.0
0.61328324457 0.5 0.5 0.8 0.281666666667 0.0292 0.0434 0.009 0.0045 0 1 1538686124.0
0.61328324457 0.5 0.5 0.8 0.281666666667 0.0292 0.0434 0.009 0.0045 0 1 1538686124.0
0.61328324457 0.5 0.5 0.8 0.281666666667 0.0292 0.0434 0.009 0.0045 0 1 1538686124.0
0.61328324457 0.5 0.5 0.8 0.281666666667 0.0292 0.0434 0.009 0.0045 0 1 1538686124.0
0.61328324457 0.5 0.5 0.8 0.281666666667 0.0292 0.0434 0.009 0.0045 0 1 1538686124.0
0.61328324457 0.5 0.5 0.8 0.281666666667 0.0292 0.0434 0.009 0.0045 0 1 1538686124.0
0.61328324457 0.5 0.5 0.8 0.281666666667 0.0292 0.0434 0.009 0.0045 0 1 1538686124.0
0.61328324457 0.5 0.5 0.8 0.281666666667 0.0292 0.0434 0.009 0.0045 0 1 1538686124.0
0.61328324457 0.5 0.5 0.8 0.281666666667 0.0292 0.0434 0.009 0.0045 0 1 1538686124.0
0.61328324457 0.5 0.5 0.8 0.281666666667 0.0292 0.0434 0.009 0.0045 0 1 1538686124.0
0.61328324457 0.5 0.5 0.8 0.281666666667 0.0292 0.0434 0.009 0.0045 0 1 1538686124.0
0.61328324457 0.5 0.5 0.8 0.281666666667 0.0292 0.0434 0.009 0.0045 0 1 1538686124.0
0.61328324457 0.5 0.5 0.8 0.281666666667 0.0292 0.0434 0.009 0.0045 0 1 1538686124.0
0.61328324457 0.5 0.5 0.8 0.281666666667 0.0292 0.0434 0.009 0.0045 0 1 1538686124.0
0.61328324457 0.5 0.5 0.8 0.281666666667 0.0292 0.0434 0.009 0.0045 0 1 1538686124.0
0.61328324457 0.5 0.5 0.8 0.281666666667 0.0292 0.0434 0.009 0.0045 0 1 1538686124.0
0.61328324457 0.5 0.5 0.8 0.281666666667 0.0292 0.0434 0.009 0.0045 0 1 1538686124.0
0.61328324457 0.5 0.5 0.8 0.281666666667 0.0292 0.0434 0.009 0.0045 0 1 1538686124.0
0.61328324457 0.5 0.5 0.8 0.281666666667 0.0292 0.0434 0.009 0.0045 0 1 1538686124.0
0.61328324457 0.5 0.5 0.8 0.281666666667 0.0292 0.0434 0.009 0.0045 0 1 1538686124.0
0.61328324457 0.5 0.5 0.8 0.281666666667 0.0292 0.0434 0.009 0.0045 0 1 1538686124.0
0.61328324457 0.5 0.5 0.8 0.281666666667 0.0292 0.0434 0.009 0.0045 0 1 1538686124.0
0.61328324457 0.5 0.5 0.8 0.281666666667 0.0292 0.0434 0.009 0.0045 0 1 1538686124.0
0.61328324457 0.5 0.5 0.8 0.281666666667 0.0292 0.0434 0.009 0.0045 0 1 1538686125.0
0.61328324457 0.5 0.5 0.8 0.281666666667 0.0292 0.0434 0.009 0.0045 0 1 1538686125.0
0.61328324457 0.5 0.5 0.8 0.281666666667 0.0292 0.0434 0.009 0.0045 0 1 1538686125.0
0.61328324457 0.5 0.5 0.8 0.281666666667 0.0292 0.0434 0.009 0.0045 0 1 1538686125.0
0.61328324457 0.5 0.5 0.8 0.281666666667 0.0292 0.0434 0.009 0.0045 0 1 1538686125.0
0.61328324457 0.5 0.5 0.8 0.281666666667 0.0292 0.0434 0.009 0.0045 0 1 1538686125.0
0.61328324457 0.5 0.5 0.8 0.281666666667 0.0292 0.0434 0.009 0.0045 0 1 1538686125.0
0.61328324457 0.5 0.5 0.8 0.281666666667 0.0292 0.0434 0.009 0.0045 0 1 1538686125.0
0.61328324457 0.5 0.5 0.8 0.281666666667 0.0292 0.0434 0.009 0.0045 0 1 1538686125.0
0.61328324457 0.5 0.5 0.8 0.281666666667 0.0292 0.0434 0.009 0.0045 0 1 1538686125.0
0.61328324457 0.5 0.5 0.8 0.281666666667 0.0292 0.0434 0.009 0.0045 0 1 1538686125.0
0.61328324457 0.5 0.5 0.8 0.281666666667 0.0292 0.0434 0.009 0.0045 0 1 1538686125.0
0.61328324457 0.5 0.5 0.8 0.281666666667 0.0292 0.0434 0.009 0.0045 0 1 1538686125.0
0.61328324457 0.5 0.5 0.8 0.281666666667 0.0292 0.0434 0.009 0.0045 0 1 1538686125.0
0.61328324457 0.5 0.5 0.8 0.281666666667 0.0292 0.0434 0.009 0.0045 0 1 1538686125.0
0.61328324457 0.5 0.5 0.8 0.281666666667 0.0292 0.0434 0.009 0.0045 0 1 1538686125.0
0.61328324457 0.5 0.5 0.8 0.281666666667 0.0292 0.0434 0.009 0.0045 0 1 1538686125.0
0.61328324457 0.5 0.5 0.8 0.281666666667 0.0292 0.0434 0.009 0.0045 0 1 1538686125.0
0.61328324457 0.5 0.5 0.8 0.281666666667 0.0292 0.0434 0.009 0.0045 0 1 1538686125.0
0.61328324457 0.5 0.5 0.8 0.281666666667 0.0292 0.0434 0.009 0.0045 0 1 1538686125.0
0.61328324457 0.5 0.5 0.8 0.281666666667 0.0292 0.0434 0.009 0.0045 0 1 1538686125.0
0.61328324457 0.5 0.5 0.8 0.281666666667 0.0292 0.0434 0.009 0.0045 0 1 1538686125.0
0.61328324457 0.5 0.5 0.8 0.281666666667 0.0292 0.0434 0.009 0.0045 0 1 1538686125.0
0.61328324457 0.5 0.5 0.8 0.281666666667 0.0292 0.0434 0.009 0.0045 0 1 1538686125.0
0.61328324457 0.5 0.5 0.8 0.281666666667 0.0292 0.0434 0.009 0.0045 0 1 1538686125.0
0.61328324457 0.5 0.5 0.8 0.281666666667 0.0292 0.0434 0.009 0.0045 0 1 1538686125.0
0.61328324457 0.5 0.5 0.8 0.281666666667 0.0292 0.0434 0.009 0.0045 0 1 1538686125.0
0.61328324457 0.5 0.5 0.8 0.281666666667 0.0292 0.0434 0.009 0.0045 0 1 1538686125.0
0.61328324457 0.5 0.5 0.8 0.281666666667 0.0292 0.0434 0.009 0.0045 0 1 1538686125.0
0.61328324457 0.5 0.5 0.8 0.281666666667 0.0292 0.0434 0.009 0.0045 0 1 1538686125.0
0.61328324457 0.5 0.5 0.8 0.281666666667 0.0292 0.0434 0.009 0.0045 0 1 1538686125.0
0.61328324457 0.5 0.5 0.8 0.281666666667 0.0292 0.0434 0.009 0.0045 0 1 1538686125.0
0.61328324457 0.5 0.5 0.8 0.281666666667 0.0292 0.0434 0.009 0.0045 0 1 1538686125.0
0.61328324457 0.5 0.5 0.8 0.281666666667 0.0292 0.0434 0.009 0.0045 0 1 1538686125.0
0.61328324457 0.5 0.5 0.8 0.281666666667 0.0292 0.0434 0.009 0.0045 0 1 1538686125.0
0.61328324457 0.5 0.5 0.8 0.281666666667 0.0292 0.0434 0.009 0.0045 0 1 1538686125.0
0.61328324457 0.5 0.5 0.8 0.281666666667 0.0292 0.0434 0.009 0.0045 0 1 1538686125.0
0.61328324457 0.5 0.5 0.8 0.281666666667 0.0292 0.0434 0.009 0.0045 0 1 1538686125.0
0.61328324457 0.5 0.5 0.8 0.281666666667 0.0292 0.0434 0.009 0.0045 0 1 1538686125.0
0.61328324457 0.5 0.5 0.8 0.281666666667 0.0292 0.0434 0.009 0.0045 0 1 1538686125.0
0.61328324457 0.5 0.5 0.8 0.281666666667 0.0292 0.0434 0.009 0.0045 0 1 1538686125.0
0.61328324457 0.5 0.5 0.8 0.281666666667 0.0292 0.0434 0.009 0.0045 0 1 1538686125.0
0.61328324457 0.5 0.5 0.8 0.281666666667 0.0292 0.0434 0.009 0.0045 0 1 1538686125.0
0.61328324457 0.5 0.5 0.8 0.281666666667 0.0292 0.0434 0.009 0.0045 0 1 1538686125.0
0.61328324457 0.5 0.5 0.8 0.281666666667 0.0292 0.0434 0.009 0.0045 0 1 1538686125.0
0.61328324457 0.5 0.5 0.8 0.281666666667 0.0292 0.0434 0.009 0.0045 0 1 1538686125.0
0.61328324457 0.5 0.5 0.8 0.281666666667 0.0292 0.0434 0.009 0.0045 0 1 1538686125.0
0.61328324457 0.5 0.5 0.8 0.281666666667 0.0292 0.0434 0.009 0.0045 0 1 1538686125.0
0.61328324457 0.5 0.5 0.8 0.281666666667 0.0292 0.0434 0.009 0.0045 0 1 1538686125.0
0.61328324457 0.5 0.5 0.8 0.281666666667 0.0292 0.0434 0.009 0.0045 0 1 1538686125.0
0.61328324457 0.5 0.5 0.8 0.281666666667 0.0292 0.0434 0.009 0.0045 0 1 1538686125.0
0.61328324457 0.5 0.5 0.8 0.281666666667 0.0292 0.0434 0.009 0.0045 0 1 1538686125.0
0.61328324457 0.5 0.5 0.8 0.281666666667 0.0292 0.0434 0.009 0.0045 0 1 1538686125.0
0.61328324457 0.5 0.5 0.8 0.281666666667 0.0292 0.0434 0.009 0.0045 0 1 1538686125.0
0.61328324457 0.5 0.5 0.8 0.281666666667 0.0292 0.0434 0.009 0.0045 0 1 1538686125.0
0.61328324457 0.5 0.5 0.8 0.281666666667 0.0292 0.0434 0.009 0.0045 0 1 1538686125.0
0.61328324457 0.5 0.5 0.8 0.281666666667 0.0292 0.0434 0.009 0.0045 0 1 1538686125.0
0.61328324457 0.5 0.5 0.8 0.281666666667 0.0292 0.0434 0.009 0.0045 0 1 1538686125.0
0.61328324457 0.5 0.5 0.8 0.281666666667 0.0292 0.0434 0.009 0.0045 0 1 1538686125.0
0.61328324457 0.5 0.5 0.8 0.281666666667 0.0292 0.0434 0.009 0.0045 0 1 1538686125.0
0.61328324457 0.5 0.5 0.8 0.281666666667 0.0292 0.0434 0.009 0.0045 0 1 1538686125.0
0.61328324457 0.5 0.5 0.8 0.281666666667 0.0292 0.0434 0.009 0.0045 0 1 1538686125.0
0.61328324457 0.5 0.5 0.8 0.281666666667 0.0292 0.0434 0.009 0.0045 0 1 1538686125.0
0.61328324457 0.5 0.5 0.8 0.281666666667 0.0292 0.0434 0.009 0.0045 0 1 1538686125.0
0.61328324457 0.5 0.5 0.8 0.281666666667 0.0292 0.0434 0.009 0.0045 0 1 1538686125.0
0.61328324457 0.5 0.5 0.8 0.281666666667 0.0292 0.0434 0.009 0.0045 0 1 1538686125.0
0.61328324457 0.5 0.5 0.8 0.281666666667 0.0292 0.0434 0.009 0.0045 0 1 1538686125.0
0.61328324457 0.5 0.5 0.8 0.281666666667 0.0292 0.0434 0.009 0.0045 0 1 1538686125.0
0.61328324457 0.5 0.5 0.8 0.281666666667 0.0292 0.0434 0.009 0.0045 0 1 1538686125.0
0.61328324457 0.5 0.5 0.8 0.281666666667 0.0292 0.0434 0.009 0.0045 0 1 1538686125.0
0.61328324457 0.5 0.5 0.8 0.281666666667 0.0292 0.0434 0.009 0.0045 0 1 1538686125.0
0.61328324457 0.5 0.5 0.8 0.281666666667 0.0292 0.0434 0.009 0.0045 0 1 1538686125.0
0.61328324457 0.5 0.5 0.8 0.281666666667 0.0292 0.0434 0.009 0.0045 0 1 1538686125.0
0.61328324457 0.5 0.5 0.8 0.281666666667 0.0292 0.0434 0.009 0.0045 0 1 1538686125.0
0.61328324457 0.5 0.5 0.8 0.281666666667 0.0292 0.0434 0.009 0.0045 0 1 1538686125.0
0.61328324457 0.5 0.5 0.8 0.281666666667 0.0292 0.0434 0.009 0.0045 0 1 1538686125.0
0.61328324457 0.5 0.5 0.8 0.281666666667 0.0292 0.0434 0.009 0.0045 0 1 1538686125.0
0.61328324457 0.5 0.5 0.8 0.281666666667 0.0292 0.0434 0.009 0.0045 0 1 1538686125.0
0.61328324457 0.5 0.5 0.8 0.281666666667 0.0292 0.0434 0.009 0.0045 0 1 1538686125.0
0.61328324457 0.5 0.5 0.8 0.281666666667 0.0292 0.0434 0.009 0.0045 0 1 1538686125.0
0.61328324457 0.5 0.5 0.8 0.281666666667 0.0292 0.0434 0.009 0.0045 0 1 1538686125.0
0.61328324457 0.5 0.5 0.8 0.281666666667 0.0292 0.0434 0.009 0.0045 0 1 1538686125.0
0.61328324457 0.5 0.5 0.8 0.281666666667 0.0292 0.0434 0.009 0.0045 0 1 1538686125.0
0.61328324457 0.5 0.5 0.8 0.281666666667 0.0292 0.0434 0.009 0.0045 0 1 1538686125.0
0.61328324457 0.5 0.5 0.8 0.281666666667 0.0292 0.0434 0.009 0.0045 0 1 1538686125.0
0.61328324457 0.5 0.5 0.8 0.281666666667 0.0292 0.0434 0.009 0.0045 0 1 1538686125.0
0.61328324457 0.5 0.5 0.8 0.281666666667 0.0292 0.0434 0.009 0.0045 0 1 1538686125.0
0.61328324457 0.5 0.5 0.8 0.281666666667 0.0292 0.0434 0.009 0.0045 0 1 1538686125.0
0.61328324457 0.5 0.5 0.8 0.281666666667 0.0292 0.0434 0.009 0.0045 0 1 1538686126.0
0.61328324457 0.5 0.5 0.8 0.281666666667 0.0292 0.0434 0.009 0.0045 0 1 1538686126.0
0.61328324457 0.5 0.5 0.8 0.281666666667 0.0292 0.0434 0.009 0.0045 0 1 1538686126.0
0.61328324457 0.5 0.5 0.8 0.281666666667 0.0292 0.0434 0.009 0.0045 0 1 1538686126.0
0.61328324457 0.5 0.5 0.8 0.281666666667 0.0292 0.0434 0.009 0.0045 0 1 1538686126.0
0.61328324457 0.5 0.5 0.8 0.281666666667 0.0292 0.0434 0.009 0.0045 0 1 1538686126.0
0.61328324457 0.5 0.5 0.8 0.281666666667 0.0292 0.0434 0.009 0.0045 0 1 1538686126.0
0.61328324457 0.5 0.5 0.8 0.281666666667 0.0292 0.0434 0.009 0.0045 0 1 1538686126.0
0.61328324457 0.5 0.5 0.8 0.281666666667 0.0292 0.0434 0.009 0.0045 0 1 1538686126.0
0.61328324457 0.5 0.5 0.8 0.281666666667 0.0292 0.0434 0.009 0.0045 0 1 1538686126.0
0.61328324457 0.5 0.5 0.8 0.281666666667 0.0292 0.0434 0.009 0.0045 0 1 1538686126.0
0.61328324457 0.5 0.5 0.8 0.281666666667 0.0292 0.0434 0.009 0.0045 0 1 1538686126.0
0.61328324457 0.5 0.5 0.8 0.281666666667 0.0292 0.0434 0.009 0.0045 0 1 1538686126.0
0.61328324457 0.5 0.5 0.8 0.281666666667 0.0292 0.0434 0.009 0.0045 0 1 1538686126.0
0.61328324457 0.5 0.5 0.8 0.532333333333 0.0296 0.0096 0.009 0.0045 0 1 1538619551.0
0.61328324457 0.5 0.5 0.8 0.282 0.0292 0.0414 0.7322 0.6041 0 1 1538669700.0
0.61328324457 0.5 0.5 0.8 0.282 0.0304 0.0324 0.7322 0.6041 0 1 1538669739.0
0.61328324457 0.5 0.5 0.8 0.401333333333 0.0304 0.0324 0.7322 0.6041 0 1 1538669730.0
0.61328324457 0.5 0.5 0.8 0.401333333333 0.0298 0.0304 0.7322 0.6041 0 1 1538669708.0
0.61328324457 0.5 0.5 0.8 0.532333333333 0.0296 0.0096 0.009 0.0045 0 1 1538619551.0
0.61328324457 0.5 0.5 0.8 0.532333333333 0.0296 0.0096 0.009 0.0045 0 1 1538619551.0
0.61328324457 0.5 0.5 0.8 0.281666666667 0.0292 0.0434 0.009 0.0045 0 1 1538686126.0
0.61328324457 0.5 0.5 0.8 0.281666666667 0.0292 0.0434 0.009 0.0045 0 1 1538686126.0
0.61328324457 0.5 0.5 0.8 0.281666666667 0.0292 0.0434 0.009 0.0045 0 1 1538686127.0
0.61328324457 0.5 0.5 0.8 0.281666666667 0.0292 0.0434 0.009 0.0045 0 1 1538686127.0
0.61328324457 0.5 0.5 0.8 0.281666666667 0.0292 0.0434 0.009 0.0045 0 1 1538686127.0
0.61328324457 0.5 0.5 0.8 0.281666666667 0.0292 0.0434 0.009 0.0045 0 1 1538686127.0
0.61328324457 0.5 0.5 0.8 251.862 0.0306 0.0096 0.009 0.0045 0 1 1538686161.0
0.61328324457 0.5 0.5 0.8 251.862 0.0306 0.0096 0.009 0.0045 0 1 1538686161.0
0.61328324457 0.5 0.5 0.8 251.862 0.0306 0.0096 0.009 0.0045 0 1 1538686161.0
0.61328324457 0.5 0.5 0.8 251.862 0.0306 0.0096 0.009 0.0045 0 1 1538686161.0
0.61328324457 0.5 0.5 0.8 0.281666666667 0.0292 0.0434 0.009 0.0045 0 1 1538686210.0
0.61328324457 0.5 0.5 0.8 0.281666666667 0.0292 0.0434 0.009 0.0045 0 1 1538686210.0
0.61328324457 0.5 0.5 0.8 0.281666666667 0.0292 0.0434 0.009 0.0045 0 1 1538686210.0
0.61328324457 0.5 0.5 0.8 0.281666666667 0.0292 0.0434 0.009 0.0045 0 1 1538686210.0
0.61328324457 0.5 0.5 0.8 0.281666666667 0.0292 0.0434 0.009 0.0045 0 1 1538686210.0
0.61328324457 0.5 0.5 0.8 0.281666666667 0.0292 0.0434 0.009 0.0045 0 1 1538686210.0
0.61328324457 0.5 0.5 0.8 0.281666666667 0.0292 0.0434 0.009 0.0045 0 1 1538686210.0
0.61328324457 0.5 0.5 0.8 0.281666666667 0.0292 0.0434 0.009 0.0045 0 1 1538686211.0
0.61328324457 0.5 0.5 0.8 0.281666666667 0.0292 0.0434 0.009 0.0045 0 1 1538686211.0
0.61328324457 0.5 0.5 0.8 0.281666666667 0.0292 0.0434 0.009 0.0045 0 1 1538686212.0
0.61328324457 0.5 0.5 0.8 0.281666666667 0.0292 0.0434 0.009 0.0045 0 1 1538686212.0
0.61328324457 0.5 0.5 0.8 0.281666666667 0.0292 0.0434 0.009 0.0045 0 1 1538686212.0
0.61328324457 0.5 0.5 0.8 0.281666666667 0.0292 0.0434 0.009 0.0045 0 1 1538686212.0
0.61328324457 0.5 0.5 0.8 0.281666666667 0.0292 0.0434 0.009 0.0045 0 1 1538686212.0
0.61328324457 0.5 0.5 0.8 0.281666666667 0.0292 0.0434 0.009 0.0045 0 1 1538686212.0
0.61328324457 0.5 0.5 0.8 0.281666666667 0.0292 0.0434 0.009 0.0045 0 1 1538686212.0
0.61328324457 0.5 0.5 0.8 0.281666666667 0.0292 0.0434 0.009 0.0045 0 1 1538686212.0
0.61328324457 0.5 0.5 0.8 0.281666666667 0.0292 0.0434 0.009 0.0045 0 1 1538686212.0
0.61328324457 0.5 0.5 0.8 0.281666666667 0.0292 0.0434 0.009 0.0045 0 1 1538686212.0
0.61328324457 0.5 0.5 0.8 0.281666666667 0.0292 0.0434 0.009 0.0045 0 1 1538686212.0
0.61328324457 0.5 0.5 0.8 0.281666666667 0.0292 0.0434 0.009 0.0045 0 1 1538686213.0
0.61328324457 0.5 0.5 0.8 0.281666666667 0.0292 0.0434 0.009 0.0045 0 1 1538686213.0
0.61328324457 0.5 0.5 0.8 0.281666666667 0.0292 0.0434 0.009 0.0045 0 1 1538686214.0
0.61328324457 0.5 0.5 0.8 0.281666666667 0.0292 0.0434 0.009 0.0045 0 1 1538686214.0
0.61328324457 0.5 0.5 0.8 0.281666666667 0.0292 0.0434 0.009 0.0045 0 1 1538686214.0
0.61328324457 0.5 0.5 0.8 0.281666666667 0.0292 0.0434 0.009 0.0045 0 1 1538686214.0
0.61328324457 0.5 0.5 0.8 0.281666666667 0.0292 0.0434 0.009 0.0045 0 1 1538686214.0
0.61328324457 0.5 0.5 0.8 0.281666666667 0.0292 0.0434 0.009 0.0045 0 1 1538686214.0
0.61328324457 0.5 0.5 0.8 0.281666666667 0.0292 0.0434 0.009 0.0045 0 1 1538686214.0
0.61328324457 0.5 0.5 0.8 0.281666666667 0.0292 0.0434 0.009 0.0045 0 1 1538686214.0
0.61328324457 0.5 0.5 0.8 0.281666666667 0.0292 0.0434 0.009 0.0045 0 1 1538686214.0
0.61328324457 0.5 0.5 0.8 0.281666666667 0.0292 0.0434 0.009 0.0045 0 1 1538686214.0
0.61328324457 0.5 0.5 0.8 0.281666666667 0.0292 0.0434 0.009 0.0045 0 1 1538686214.0
0.61328324457 0.5 0.5 0.8 0.281666666667 0.0292 0.0434 0.009 0.0045 0 1 1538686214.0
0.61328324457 0.5 0.5 0.8 0.281666666667 0.0292 0.0434 0.009 0.0045 0 1 1538686214.0
0.61328324457 0.5 0.5 0.8 0.281666666667 0.0292 0.0434 0.009 0.0045 0 1 1538686214.0
0.61328324457 0.5 0.5 0.8 0.281666666667 0.0292 0.0434 0.009 0.0045 0 1 1538686214.0
0.61328324457 0.5 0.5 0.8 0.281666666667 0.0292 0.0434 0.009 0.0045 0 1 1538686214.0
0.61328324457 0.5 0.5 0.8 0.281666666667 0.0292 0.0434 0.009 0.0045 0 1 1538686214.0
0.61328324457 0.5 0.5 0.8 0.281666666667 0.0292 0.0434 0.009 0.0045 0 1 1538686214.0
0.61328324457 0.5 0.5 0.8 0.281666666667 0.0292 0.0434 0.009 0.0045 0 1 1538686214.0
0.61328324457 0.5 0.5 0.8 0.281666666667 0.0292 0.0434 0.009 0.0045 0 1 1538686215.0
0.61328324457 0.5 0.5 0.8 0.281666666667 0.0292 0.0434 0.009 0.0045 0 1 1538686215.0
0.61328324457 0.5 0.5 0.8 0.281666666667 0.0292 0.0434 0.009 0.0045 0 1 1538686215.0
0.61328324457 0.5 0.5 0.8 0.281666666667 0.0292 0.0434 0.009 0.0045 0 1 1538686215.0
0.61328324457 0.5 0.5 0.8 0.281666666667 0.0292 0.0434 0.009 0.0045 0 1 1538686215.0
0.61328324457 0.5 0.5 0.8 0.281666666667 0.0292 0.0434 0.009 0.0045 0 1 1538686215.0
0.61328324457 0.5 0.5 0.8 0.281666666667 0.0292 0.0434 0.009 0.0045 0 1 1538686215.0
0.61328324457 0.5 0.5 0.8 0.281666666667 0.0292 0.0434 0.009 0.0045 0 1 1538686215.0
0.61328324457 0.5 0.5 0.8 0.281666666667 0.0292 0.0434 0.009 0.0045 0 1 1538686215.0
0.61328324457 0.5 0.5 0.8 0.281666666667 0.0292 0.0434 0.009 0.0045 0 1 1538686215.0
0.61328324457 0.5 0.5 0.8 0.281666666667 0.0292 0.0434 0.009 0.0045 0 1 1538686215.0
0.61328324457 0.5 0.5 0.8 0.281666666667 0.0292 0.0434 0.009 0.0045 0 1 1538686215.0
0.61328324457 0.5 0.5 0.8 0.281666666667 0.0292 0.0434 0.009 0.0045 0 1 1538686215.0
0.61328324457 0.5 0.5 0.8 0.281666666667 0.0292 0.0434 0.009 0.0045 0 1 1538686215.0
0.61328324457 0.5 0.5 0.8 0.281666666667 0.0292 0.0434 0.009 0.0045 0 1 1538686215.0
0.61328324457 0.5 0.5 0.8 0.281666666667 0.0292 0.0434 0.009 0.0045 0 1 1538686215.0
0.61328324457 0.5 0.5 0.8 0.281666666667 0.0292 0.0434 0.009 0.0045 0 1 1538686215.0
0.61328324457 0.5 0.5 0.8 0.281666666667 0.0292 0.0434 0.009 0.0045 0 1 1538686215.0
0.61328324457 0.5 0.5 0.8 0.281666666667 0.0292 0.0434 0.009 0.0045 0 1 1538686215.0
0.61328324457 0.5 0.5 0.8 0.281666666667 0.0292 0.0434 0.009 0.0045 0 1 1538686215.0
0.61328324457 0.5 0.5 0.8 0.281666666667 0.0292 0.0434 0.009 0.0045 0 1 1538686215.0
0.61328324457 0.5 0.5 0.8 0.281666666667 0.0292 0.0434 0.009 0.0045 0 1 1538683806.0
0.61328324457 0.5 0.5 0.8 0.281666666667 0.0292 0.0434 0.009 0.0045 0 1 1538683836.0
0.61328324457 0.5 0.5 0.8 0.281666666667 0.0292 0.0434 0.009 0.0045 0 1 1538683829.0
0.61328324457 0.5 0.5 0.8 0.282 0.0292 0.0398 0.009 0.8968 0 1 1538683621.0
0.61328324457 0.5 0.5 0.8 0.532333333333 0.0296 0.0096 0.009 0.0045 0 1 1538619551.0
0.61328324457 0.5 0.5 0.8 0.281666666667 0.0292 0.0434 0.009 0.0045 0 1 1538686217.0
0.61328324457 0.5 0.5 0.8 0.281666666667 0.0292 0.0434 0.009 0.0045 0 1 1538686217.0
0.61328324457 0.5 0.5 0.8 0.281666666667 0.0292 0.0434 0.009 0.0045 0 1 1538686217.0
0.61328324457 0.5 0.5 0.8 0.532333333333 0.0296 0.0096 0.009 0.0045 0 1 1538619551.0
0.61328324457 0.5 0.5 0.8 0.282 0.0292 0.0414 0.7322 0.6041 0 1 1538669700.0
0.61328324457 0.5 0.5 0.8 0.282 0.0304 0.0324 0.7322 0.6041 0 1 1538669739.0
0.61328324457 0.5 0.5 0.8 0.401333333333 0.0304 0.0324 0.7322 0.6041 0 1 1538669730.0
0.61328324457 0.5 0.5 0.8 0.401333333333 0.0298 0.0304 0.7322 0.6041 0 1 1538669708.0
0.61328324457 0.5 0.5 0.8 0.532333333333 0.0296 0.0096 0.009 0.0045 0 1 1538619551.0
0.61328324457 0.5 0.5 0.8 0.532333333333 0.0296 0.0096 0.009 0.0045 0 1 1538619551.0
0.61328324457 0.5 0.5 0.8 0.316 0.0304 0.0324 0.009 0.0045 0 1 1538679572.0
0.61328324457 0.5 0.5 0.8 0.316 0.0304 0.0324 0.009 0.0045 0 1 1538679573.0
0.61328324457 0.5 0.5 0.8 0.316 0.0304 0.0324 0.009 0.0045 0 1 1538679573.0
0.61328324457 0.5 0.5 0.8 0.316 0.0304 0.0324 0.009 0.0045 0 1 1538679573.0
0.61328324457 0.5 0.5 0.8 0.316 0.0304 0.0324 0.009 0.0045 0 1 1538679573.0
0.61328324457 0.5 0.5 0.8 0.282 0.0292 0.0408 0.009 0.8968 0 1 1538679800.0
0.61328324457 0.5 0.5 0.8 0.282 0.0292 0.0396 0.009 0.8968 0 1 1538679863.0
0.371676606213 0.5 0.5 0.8 0.282 0.0292 0.0414 0.009 0.7904 0 1 1538680287.0
0.61328324457 0.5 0.5 0.8 0.281666666667 0.0292 0.0434 0.009 0.0045 0 1 1538686220.0
0.61328324457 0.5 0.5 0.8 0.281666666667 0.0292 0.0434 0.009 0.0045 0 1 1538686220.0
0.61328324457 0.5 0.5 0.8 0.281666666667 0.0292 0.0434 0.009 0.0045 0 1 1538686220.0
0.61328324457 0.5 0.5 0.8 0.281666666667 0.0292 0.0434 0.009 0.0045 0 1 1538686220.0
0.61328324457 0.5 0.5 0.8 0.281666666667 0.0292 0.0434 0.009 0.0045 0 1 1538686220.0
0.61328324457 0.5 0.5 0.8 0.281666666667 0.0292 0.0434 0.009 0.0045 0 1 1538686220.0
0.61328324457 0.5 0.5 0.8 0.281666666667 0.0292 0.0434 0.009 0.0045 0 1 1538686220.0
0.61328324457 0.5 0.5 0.8 0.281666666667 0.0292 0.0434 0.009 0.0045 0 1 1538686220.0
0.61328324457 0.5 0.5 0.8 0.281666666667 0.0292 0.0434 0.009 0.0045 0 1 1538686220.0
0.61328324457 0.5 0.5 0.8 0.281666666667 0.0292 0.0434 0.009 0.0045 0 1 1538686220.0
0.61328324457 0.5 0.5 0.8 0.281666666667 0.0292 0.0434 0.009 0.0045 0 1 1538686220.0
0.61328324457 0.5 0.5 0.8 0.281666666667 0.0292 0.0434 0.009 0.0045 0 1 1538686220.0
0.61328324457 0.5 0.5 0.8 0.281666666667 0.0292 0.0434 0.009 0.0045 0 1 1538686220.0
0.61328324457 0.5 0.5 0.8 0.281666666667 0.0292 0.0434 0.009 0.0045 0 1 1538686220.0
0.61328324457 0.5 0.5 0.8 0.281666666667 0.0292 0.0434 0.009 0.0045 0 1 1538686220.0
0.61328324457 0.5 0.5 0.8 0.281666666667 0.0292 0.0434 0.009 0.0045 0 1 1538686220.0
0.61328324457 0.5 0.5 0.8 0.281666666667 0.0292 0.0434 0.009 0.0045 0 1 1538686220.0
0.61328324457 0.5 0.5 0.8 0.281666666667 0.0292 0.0434 0.009 0.0045 0 1 1538686220.0
0.61328324457 0.5 0.5 0.8 0.281666666667 0.0292 0.0434 0.009 0.0045 0 1 1538686220.0
0.61328324457 0.5 0.5 0.8 0.281666666667 0.0292 0.0434 0.009 0.0045 0 1 1538686221.0
0.61328324457 0.5 0.5 0.8 0.281666666667 0.0292 0.0434 0.009 0.0045 0 1 1538686221.0
0.61328324457 0.5 0.5 0.8 0.281666666667 0.0292 0.0434 0.009 0.0045 0 1 1538686221.0
0.61328324457 0.5 0.5 0.8 0.281666666667 0.0292 0.0434 0.009 0.0045 0 1 1538686221.0
0.61328324457 0.5 0.5 0.8 0.281666666667 0.0292 0.0434 0.009 0.0045 0 1 1538686221.0
0.61328324457 0.5 0.5 0.8 0.532333333333 0.0296 0.0096 0.009 0.0045 0 1 1538619551.0
0.61328324457 0.5 0.5 0.8 0.282 0.0292 0.0414 0.7322 0.6041 0 1 1538669700.0
0.61328324457 0.5 0.5 0.8 0.282 0.0304 0.0324 0.7322 0.6041 0 1 1538669739.0
0.61328324457 0.5 0.5 0.8 0.401333333333 0.0304 0.0324 0.7322 0.6041 0 1 1538669730.0
0.61328324457 0.5 0.5 0.8 0.401333333333 0.0298 0.0304 0.7322 0.6041 0 1 1538669708.0
0.61328324457 0.5 0.5 0.8 0.532333333333 0.0296 0.0096 0.009 0.0045 0 1 1538619551.0
0.61328324457 0.5 0.5 0.8 0.532333333333 0.0296 0.0096 0.009 0.0045 0 1 1538619551.0
0.61328324457 0.5 0.5 0.8 0.316 0.0304 0.0324 0.009 0.0045 0 1 1538679572.0
0.61328324457 0.5 0.5 0.8 0.316 0.0304 0.0324 0.009 0.0045 0 1 1538679573.0
0.61328324457 0.5 0.5 0.8 0.316 0.0304 0.0324 0.009 0.0045 0 1 1538679573.0
0.61328324457 0.5 0.5 0.8 0.316 0.0304 0.0324 0.009 0.0045 0 1 1538679573.0
0.61328324457 0.5 0.5 0.8 0.316 0.0304 0.0324 0.009 0.0045 0 1 1538679573.0
0.61328324457 0.5 0.5 0.8 0.282 0.0292 0.0408 0.009 0.8968 0 1 1538679800.0
0.61328324457 0.5 0.5 0.8 0.282 0.0292 0.0396 0.009 0.8968 0 1 1538679863.0
0.371676606213 0.5 0.5 0.8 0.282 0.0292 0.0414 0.009 0.7904 0 1 1538680287.0
0.61328324457 0.5 0.5 0.8 0.281666666667 0.0292 0.0434 0.009 0.0045 0 1 1538686222.0
0.61328324457 0.5 0.5 0.8 0.281666666667 0.0292 0.0434 0.009 0.0045 0 1 1538686222.0
0.61328324457 0.5 0.5 0.8 0.282 0.0292 0.0414 0.7322 0.86 0 1 1538686380.0
0.61328324457 0.5 0.5 0.8 0.401333333333 0.0298 0.0304 0.7322 0.86 0 1 1538686380.0
0.61328324457 0.5 0.5 0.8 0.401333333333 0.0298 0.0304 0.7322 0.86 0 1 1538686387.0
0.61328324457 0.5 0.5 0.8 0.401333333333 0.0298 0.0304 0.7322 0.86 0 1 1538686387.0
0.61328324457 0.5 0.5 0.8 0.401333333333 0.0298 0.0304 0.7322 0.86 0 1 1538686387.0
0.61328324457 0.5 0.5 0.8 0.401333333333 0.0298 0.0304 0.7322 0.86 0 1 1538686387.0
0.61328324457 0.5 0.5 0.8 0.401333333333 0.0298 0.0304 0.7322 0.86 0 1 1538686387.0
0.61328324457 0.5 0.5 0.8 0.401333333333 0.0298 0.0304 0.7322 0.86 0 1 1538686387.0
0.61328324457 0.5 0.5 0.8 0.401333333333 0.0298 0.0304 0.7322 0.86 0 1 1538686387.0
0.61328324457 0.5 0.5 0.8 0.401333333333 0.0298 0.0304 0.7322 0.86 0 1 1538686389.0
0.61328324457 0.5 0.5 0.8 0.401333333333 0.0298 0.0304 0.7322 0.86 0 1 1538686387.0
0.61328324457 0.5 0.5 0.8 0.401333333333 0.0298 0.0304 0.7322 0.86 0 1 1538686387.0
0.61328324457 0.5 0.5 0.8 0.401333333333 0.0298 0.0304 0.7322 0.86 0 1 1538686387.0
0.61328324457 0.5 0.5 0.8 0.401333333333 0.0298 0.0304 0.7322 0.86 0 1 1538686387.0
0.61328324457 0.5 0.5 0.8 0.401333333333 0.0298 0.0304 0.7322 0.86 0 1 1538686389.0
0.61328324457 0.5 0.5 0.8 0.401333333333 0.0298 0.0304 0.7322 0.86 0 1 1538686387.0
0.61328324457 0.5 0.5 0.8 0.401333333333 0.0298 0.0304 0.7322 0.86 0 1 1538686389.0
0.61328324457 0.5 0.5 0.8 0.401333333333 0.0298 0.0304 0.7322 0.86 0 1 1538686389.0
0.61328324457 0.5 0.5 0.8 0.401333333333 0.0298 0.0304 0.7322 0.86 0 1 1538686389.0
0.61328324457 0.5 0.5 0.8 0.401333333333 0.0298 0.0304 0.7322 0.86 0 1 1538686389.0
0.61328324457 0.5 0.5 0.8 0.401333333333 0.0298 0.0304 0.7322 0.86 0 1 1538686389.0
0.61328324457 0.5 0.5 0.8 0.401333333333 0.0298 0.0304 0.7322 0.86 0 1 1538686389.0
0.61328324457 0.5 0.5 0.8 0.316 0.0302 0.0414 0.009 0.1957 1 0 1538685461.0
0.61328324457 0.5 0.5 0.8 0.316 0.0302 0.0414 0.009 0.1957 1 0 1538685464.0
0.61328324457 0.5 0.5 0.8 0.316 0.0302 0.0414 0.009 0.1957 1 0 1538685466.0
0.61328324457 0.5 0.5 0.8 0.316 0.0302 0.0414 0.009 0.1957 1 0 1538685468.0
0.61328324457 0.5 0.5 0.8 0.316 0.0302 0.0414 0.009 0.1957 1 0 1538685470.0
0.61328324457 0.5 0.5 0.8 0.316 0.0302 0.0414 0.009 0.1957 1 0 1538685472.0
0.61328324457 0.5 0.5 0.8 0.316 0.0302 0.0414 0.009 0.1957 1 0 1538685474.0
0.61328324457 0.5 0.5 0.8 0.316 0.0302 0.0414 0.009 0.1957 1 0 1538685476.0
0.61328324457 0.5 0.5 0.8 0.316 0.0302 0.0414 0.009 0.1957 1 0 1538685478.0
0.61328324457 0.5 0.5 0.8 0.316 0.0302 0.0414 0.009 0.1957 1 0 1538685480.0
0.61328324457 0.5 0.5 0.8 0.316 0.0302 0.0414 0.009 0.1957 1 0 1538685482.0
0.61328324457 0.5 0.5 0.8 0.316 0.0302 0.0414 0.009 0.1957 1 0 1538685484.0
0.61328324457 0.5 0.5 0.8 0.316 0.0302 0.0414 0.009 0.1957 1 0 1538685486.0
0.61328324457 0.5 0.5 0.8 0.316 0.0302 0.0414 0.009 0.1957 1 0 1538685488.0
0.61328324457 0.5 0.5 0.8 0.316 0.0302 0.0414 0.009 0.1957 1 0 1538685490.0
0.61328324457 0.5 0.5 0.8 0.316 0.0302 0.0414 0.009 0.1957 1 0 1538685493.0
0.61328324457 0.5 0.5 0.8 0.316 0.0302 0.0414 0.009 0.1957 1 0 1538685495.0
0.61328324457 0.5 0.5 0.8 0.316 0.0302 0.0414 0.009 0.1957 1 0 1538685497.0
0.61328324457 0.5 0.5 0.8 0.316 0.0302 0.0414 0.009 0.1957 1 0 1538685499.0
0.61328324457 0.5 0.5 0.8 0.316 0.0302 0.0414 0.009 0.1957 1 0 1538685501.0
0.61328324457 0.5 0.5 0.8 0.316 0.0302 0.0414 0.009 0.1957 1 0 1538685503.0
0.61328324457 0.5 0.5 0.8 0.316 0.0302 0.0414 0.009 0.1957 1 0 1538685505.0
0.61328324457 0.5 0.5 0.8 0.316 0.0302 0.0414 0.009 0.1957 1 0 1538685507.0
0.61328324457 0.5 0.5 0.8 0.316 0.0302 0.0414 0.009 0.1957 1 0 1538685509.0
0.61328324457 0.5 0.5 0.8 0.316 0.0302 0.0414 0.009 0.1957 1 0 1538685511.0
0.61328324457 0.5 0.5 0.8 0.316 0.0302 0.0414 0.009 0.1957 1 0 1538685513.0
0.61328324457 0.5 0.5 0.8 0.316 0.0302 0.0414 0.009 0.1957 1 0 1538685515.0
0.61328324457 0.5 0.5 0.8 0.316 0.0302 0.0414 0.009 0.1957 1 0 1538685517.0
0.61328324457 0.5 0.5 0.8 0.316 0.0302 0.0414 0.009 0.1957 1 0 1538685519.0
0.61328324457 0.5 0.5 0.8 0.316 0.0302 0.0414 0.009 0.1957 1 0 1538685521.0
0.61328324457 0.5 0.5 0.8 0.316 0.0302 0.0414 0.009 0.1957 1 0 1538685523.0
0.61328324457 0.5 0.5 0.8 0.316 0.0302 0.0414 0.009 0.1957 1 0 1538685525.0
0.61328324457 0.5 0.5 0.8 0.316 0.0302 0.0414 0.009 0.1957 1 0 1538685527.0
0.61328324457 0.5 0.5 0.8 0.316 0.0302 0.0414 0.009 0.1957 1 0 1538685529.0
0.61328324457 0.5 0.5 0.8 0.316 0.0302 0.0414 0.009 0.1957 1 0 1538685532.0
0.61328324457 0.5 0.5 0.8 0.316 0.0302 0.0414 0.009 0.1957 1 0 1538685534.0
0.61328324457 0.5 0.5 0.8 0.316 0.0302 0.0414 0.009 0.1957 1 0 1538685536.0
0.61328324457 0.5 0.5 0.8 0.316 0.0302 0.0414 0.009 0.1957 1 0 1538685538.0
0.61328324457 0.5 0.5 0.8 0.316 0.0302 0.0414 0.009 0.1957 1 0 1538685540.0
0.61328324457 0.5 0.5 0.8 0.316 0.0302 0.0414 0.009 0.1957 1 0 1538685542.0
0.61328324457 0.5 0.5 0.8 0.316 0.0302 0.0414 0.009 0.1957 1 0 1538685544.0
0.61328324457 0.5 0.5 0.8 0.316 0.0302 0.0414 0.009 0.1957 1 0 1538685546.0
0.61328324457 0.5 0.5 0.8 0.316 0.0302 0.0414 0.009 0.1957 1 0 1538685548.0
0.61328324457 0.5 0.5 0.8 0.316 0.0302 0.0414 0.009 0.1957 1 0 1538685550.0
0.61328324457 0.5 0.5 0.8 0.316 0.0302 0.0414 0.009 0.1957 1 0 1538685552.0
0.61328324457 0.5 0.5 0.8 0.316 0.0302 0.0414 0.009 0.1957 1 0 1538685554.0
0.61328324457 0.5 0.5 0.8 0.316 0.0302 0.0414 0.009 0.1957 1 0 1538685556.0
0.61328324457 0.5 0.5 0.8 0.316 0.0302 0.0414 0.009 0.1957 1 0 1538685558.0
0.61328324457 0.5 0.5 0.8 0.316 0.0302 0.0414 0.009 0.1957 1 0 1538685560.0
0.61328324457 0.5 0.5 0.8 0.316 0.0302 0.0414 0.009 0.1957 1 0 1538685562.0
0.61328324457 0.5 0.5 0.8 0.316 0.0302 0.0414 0.009 0.1957 1 0 1538685564.0
0.61328324457 0.5 0.5 0.8 0.316 0.0302 0.0414 0.009 0.1957 1 0 1538685566.0
0.61328324457 0.5 0.5 0.8 0.316 0.0302 0.0414 0.009 0.1957 1 0 1538685568.0
0.61328324457 0.5 0.5 0.8 0.316 0.0302 0.0414 0.009 0.1957 1 0 1538685570.0
0.61328324457 0.5 0.5 0.8 0.316 0.0302 0.0414 0.009 0.1957 1 0 1538685572.0
0.61328324457 0.5 0.5 0.8 0.316 0.0302 0.0414 0.009 0.1957 1 0 1538685575.0
0.61328324457 0.5 0.5 0.8 0.316 0.0302 0.0414 0.009 0.1957 1 0 1538685577.0
0.61328324457 0.5 0.5 0.8 0.316 0.0302 0.0414 0.009 0.1957 1 0 1538685579.0
0.61328324457 0.5 0.5 0.8 0.316 0.0302 0.0414 0.009 0.1957 1 0 1538685581.0
0.61328324457 0.5 0.5 0.8 0.316 0.0302 0.0414 0.009 0.1957 1 0 1538685583.0
0.61328324457 0.5 0.5 0.8 0.316 0.0302 0.0414 0.009 0.1957 1 0 1538685585.0
0.61328324457 0.5 0.5 0.8 0.316 0.0302 0.0414 0.009 0.1957 1 0 1538685587.0
0.61328324457 0.5 0.5 0.8 0.316 0.0302 0.0414 0.009 0.1957 1 0 1538685589.0
0.61328324457 0.5 0.5 0.8 0.316 0.0302 0.0414 0.009 0.1957 1 0 1538685591.0
0.61328324457 0.5 0.5 0.8 0.316 0.0302 0.0414 0.009 0.1957 1 0 1538685593.0
0.61328324457 0.5 0.5 0.8 0.316 0.0302 0.0414 0.009 0.1957 1 0 1538685595.0
0.61328324457 0.5 0.5 0.8 0.316 0.0302 0.0414 0.009 0.1957 1 0 1538685597.0
0.61328324457 0.5 0.5 0.8 0.316 0.0302 0.0414 0.009 0.1957 1 0 1538685599.0
0.61328324457 0.5 0.5 0.8 0.316 0.0302 0.0414 0.009 0.1957 1 0 1538685601.0
0.61328324457 0.5 0.5 0.8 0.316 0.0302 0.0414 0.009 0.1957 1 0 1538685603.0
0.61328324457 0.5 0.5 0.8 0.316 0.0302 0.0414 0.009 0.1957 1 0 1538685605.0
0.61328324457 0.5 0.5 0.8 0.316 0.0302 0.0414 0.009 0.1957 1 0 1538685607.0
0.61328324457 0.5 0.5 0.8 0.316 0.0302 0.0414 0.009 0.1957 1 0 1538685609.0
0.61328324457 0.5 0.5 0.8 0.316 0.0302 0.0414 0.009 0.1957 1 0 1538685611.0
0.61328324457 0.5 0.5 0.8 0.316 0.0302 0.0414 0.009 0.1957 1 0 1538685613.0
0.61328324457 0.5 0.5 0.8 0.316 0.0302 0.0414 0.009 0.1957 1 0 1538685615.0
0.61328324457 0.5 0.5 0.8 0.316 0.0302 0.0414 0.009 0.1957 1 0 1538685618.0
0.61328324457 0.5 0.5 0.8 0.316 0.0302 0.0414 0.009 0.1957 1 0 1538685620.0
0.61328324457 0.5 0.5 0.8 0.316 0.0302 0.0414 0.009 0.1957 1 0 1538685622.0
0.61328324457 0.5 0.5 0.8 0.316 0.0302 0.0414 0.009 0.1957 1 0 1538685624.0
0.61328324457 0.5 0.5 0.8 0.316 0.0302 0.0414 0.009 0.1957 1 0 1538685626.0
0.61328324457 0.5 0.5 0.8 0.316 0.0302 0.0414 0.009 0.1957 1 0 1538685628.0
0.61328324457 0.5 0.5 0.8 0.316 0.0302 0.0414 0.009 0.1957 1 0 1538685630.0
0.61328324457 0.5 0.5 0.8 0.316 0.0302 0.0414 0.009 0.1957 1 0 1538685632.0
0.61328324457 0.5 0.5 0.8 0.316 0.0302 0.0414 0.009 0.1957 1 0 1538685634.0
0.61328324457 0.5 0.5 0.8 0.316 0.0302 0.0414 0.009 0.1957 1 0 1538685636.0
0.61328324457 0.5 0.5 0.8 0.316 0.0302 0.0414 0.009 0.1957 1 0 1538685638.0
0.61328324457 0.5 0.5 0.8 0.316 0.0302 0.0414 0.009 0.1957 1 0 1538685640.0
0.61328324457 0.5 0.5 0.8 0.316 0.0302 0.0414 0.009 0.1957 1 0 1538685642.0
0.61328324457 0.5 0.5 0.8 0.316 0.0302 0.0414 0.009 0.1957 1 0 1538685644.0
0.61328324457 0.5 0.5 0.8 0.316 0.0302 0.0414 0.009 0.1957 1 0 1538685646.0
0.61328324457 0.5 0.5 0.8 0.316 0.0302 0.0414 0.009 0.1957 1 0 1538685648.0
0.61328324457 0.5 0.5 0.8 0.316 0.0302 0.0414 0.009 0.1957 1 0 1538685650.0
0.61328324457 0.5 0.5 0.8 0.316 0.0302 0.0414 0.009 0.1957 1 0 1538685652.0
0.61328324457 0.5 0.5 0.8 0.316 0.0302 0.0414 0.009 0.1957 1 0 1538685654.0
0.61328324457 0.5 0.5 0.8 0.316 0.0302 0.0414 0.009 0.1957 1 0 1538685656.0
0.61328324457 0.5 0.5 0.8 0.316 0.0302 0.0414 0.009 0.1957 1 0 1538685659.0
0.61328324457 0.5 0.5 0.8 0.316 0.0302 0.0414 0.009 0.1957 1 0 1538685661.0
0.61328324457 0.5 0.5 0.8 0.316 0.0302 0.0414 0.009 0.1957 1 0 1538685663.0
0.61328324457 0.5 0.5 0.8 0.316 0.0302 0.0414 0.009 0.1957 1 0 1538685665.0
0.61328324457 0.5 0.5 0.8 0.282 0.0292 0.0396 0.2482 0.8968 1 0 1538685716.0
0.61328324457 0.5 0.5 0.8 0.544333333333 0.0298 0.0314 0.2482 0.8968 1 0 1538685718.0
0.61328324457 0.5 0.5 0.8 0.282 0.0292 0.0406 0.2482 0.8968 1 0 1538685718.0
0.61328324457 0.5 0.5 0.8 0.544333333333 0.0298 0.0314 0.2482 0.8968 1 0 1538685721.0
0.61328324457 0.5 0.5 0.8 0.282 0.0292 0.0396 0.2482 0.8968 1 0 1538685721.0
0.61328324457 0.5 0.5 0.8 0.544333333333 0.0298 0.0314 0.2482 0.8968 1 0 1538685724.0
0.61328324457 0.5 0.5 0.8 0.282 0.0292 0.0394 0.2482 0.8968 1 0 1538685724.0
0.61328324457 0.5 0.5 0.8 0.544333333333 0.0298 0.0314 0.2482 0.8968 1 0 1538685725.0
0.61328324457 0.5 0.5 0.8 0.282 0.0292 0.041 0.2482 0.8968 1 0 1538685725.0
0.61328324457 0.5 0.5 0.8 0.544333333333 0.0298 0.0314 0.2482 0.8968 1 0 1538685725.0
0.61328324457 0.5 0.5 0.8 0.282 0.0292 0.0396 0.2482 0.8968 1 0 1538685725.0
0.61328324457 0.5 0.5 0.8 0.544333333333 0.0298 0.0314 0.2482 0.8968 1 0 1538685727.0
0.61328324457 0.5 0.5 0.8 0.282 0.0292 0.0396 0.2482 0.8968 1 0 1538685727.0
0.61328324457 0.5 0.5 0.8 0.544333333333 0.0298 0.0314 0.2482 0.8968 1 0 1538685730.0
0.61328324457 0.5 0.5 0.8 0.282 0.0292 0.0394 0.2482 0.8968 1 0 1538685730.0
0.61328324457 0.5 0.5 0.8 0.282 0.0292 0.04 0.009 0.7924 1 0 1538685768.0
0.61328324457 0.5 0.5 0.8 1.17633333333 0.0292 0.0406 0.2482 0.7924 1 0 1538685768.0
0.61328324457 0.5 0.5 0.8 1.094 0.0292 0.0536 0.2482 0.7924 1 0 1538685768.0
0.61328324457 0.5 0.5 0.8 0.951 0.0292 0.0416 0.2482 0.7924 1 0 1538685768.0
0.61328324457 0.5 0.5 0.8 0.914333333333 0.0292 0.0326 0.2482 0.7924 1 0 1538685768.0
0.61328324457 0.5 0.5 0.8 1.022 0.0292 0.0526 0.2482 0.7924 1 0 1538685768.0
0.61328324457 0.5 0.5 0.8 1.027 0.0292 0.051 0.2482 0.7924 1 0 1538685768.0
0.61328324457 0.5 0.5 0.8 0.649666666667 0.0304 0.0312 0.2482 0.7924 1 0 1538685769.0
0.61328324457 0.5 0.5 0.8 0.544333333333 0.0298 0.0316 0.2482 0.7924 1 0 1538685775.0
0.61328324457 0.5 0.5 0.8 0.282 0.0292 0.0394 0.2482 0.7924 1 0 1538685775.0
0.61328324457 0.5 0.5 0.8 0.544333333333 0.0298 0.0314 0.2482 0.7924 1 0 1538685777.0
0.61328324457 0.5 0.5 0.8 0.282 0.0292 0.0408 0.2482 0.7924 1 0 1538685777.0
0.61328324457 0.5 0.5 0.8 0.544333333333 0.0298 0.0314 0.2482 0.7924 1 0 1538685780.0
0.61328324457 0.5 0.5 0.8 0.282 0.0292 0.0396 0.2482 0.7924 1 0 1538685780.0
0.61328324457 0.5 0.5 0.8 0.544333333333 0.0298 0.0314 0.2482 0.7924 1 0 1538685782.0
0.61328324457 0.5 0.5 0.8 0.282 0.0292 0.0408 0.2482 0.7924 1 0 1538685782.0
0.191513288811 0.5 0.5 0.8 0.282 0.0292 0.041 0.009 1.0533 1 0 1538685870.0
0.191513288811 0.5 0.5 0.8 1.094 0.0292 0.0536 0.2482 1.0533 1 0 1538685871.0
0.191513288811 0.5 0.5 0.8 1.17633333333 0.0292 0.0406 0.2482 1.0533 1 0 1538685871.0
0.191513288811 0.5 0.5 0.8 1.022 0.0292 0.0526 0.2482 1.0533 1 0 1538685871.0
0.191513288811 0.5 0.5 0.8 0.951 0.0292 0.0416 0.2482 1.0533 1 0 1538685871.0
0.191513288811 0.5 0.5 0.8 0.914333333333 0.0292 0.0326 0.2482 1.0533 1 0 1538685871.0
0.191513288811 0.5 0.5 0.8 1.027 0.0292 0.051 0.2482 1.0533 1 0 1538685871.0
0.192782838874 0.5 0.5 0.8 0.649666666667 0.0304 0.0296 0.009 0.5205 1 0 1538685871.0
0.191513293467 0.5 0.5 0.8 0.544333333333 0.0298 0.0316 0.2482 1.0533 1 0 1538685877.0
0.191513293467 0.5 0.5 0.8 0.282 0.0292 0.0394 0.2482 1.0533 1 0 1538685877.0
0.191513293467 0.5 0.5 0.8 1.094 0.0292 0.0536 0.3852 1.0533 1 0 1538685877.0
0.191513293467 0.5 0.5 0.8 1.022 0.0292 0.0526 0.3852 1.0533 1 0 1538685877.0
0.191513293467 0.5 0.5 0.8 0.951 0.0292 0.0416 0.3852 1.0533 1 0 1538685877.0
0.191513293467 0.5 0.5 0.8 0.914333333333 0.0292 0.0326 0.3852 1.0533 1 0 1538685877.0
0.191513293467 0.5 0.5 0.8 1.17633333333 0.0292 0.0406 0.3852 1.0533 1 0 1538685877.0
0.191513293467 0.5 0.5 0.8 1.027 0.0292 0.051 0.3852 1.0533 1 0 1538685877.0
0.192782838874 0.5 0.5 0.8 0.649666666667 0.0304 0.0296 0.009 0.5205 1 0 1538685877.0
0.191513293467 0.5 0.5 0.8 0.544333333333 0.0298 0.0316 0.2482 1.0533 1 0 1538685881.0
0.191513293467 0.5 0.5 0.8 0.282 0.0292 0.0394 0.2482 1.0533 1 0 1538685881.0
0.191513293467 0.5 0.5 0.8 1.17633333333 0.0292 0.0404 0.3852 1.0533 1 0 1538685881.0
0.191513293467 0.5 0.5 0.8 0.951 0.0292 0.0414 0.3852 1.0533 1 0 1538685881.0
0.191513293467 0.5 0.5 0.8 0.914333333333 0.0292 0.0324 0.3852 1.0533 1 0 1538685881.0
0.191513293467 0.5 0.5 0.8 1.094 0.0292 0.0536 0.3852 1.0533 1 0 1538685881.0
0.191513293467 0.5 0.5 0.8 1.022 0.0292 0.0524 0.3852 1.0533 1 0 1538685881.0
0.191513293467 0.5 0.5 0.8 1.027 0.0292 0.0508 0.3852 1.0533 1 0 1538685881.0
0.192782838874 0.5 0.5 0.8 0.649666666667 0.0304 0.0296 0.009 0.5205 1 0 1538685881.0
0.191513293467 0.5 0.5 0.8 0.544333333333 0.0298 0.0316 0.2482 1.0533 1 0 1538685885.0
0.191513293467 0.5 0.5 0.8 0.282 0.0292 0.0396 0.2482 1.0533 1 0 1538685885.0
0.191513293467 0.5 0.5 0.8 0.951 0.0292 0.0414 0.3852 1.0533 1 0 1538685885.0
0.191513293467 0.5 0.5 0.8 0.914333333333 0.0292 0.0324 0.3852 1.0533 1 0 1538685885.0
0.191513293467 0.5 0.5 0.8 1.17633333333 0.0292 0.0404 0.3852 1.0533 1 0 1538685885.0
0.191513293467 0.5 0.5 0.8 1.022 0.0292 0.0524 0.3852 1.0533 1 0 1538685885.0
0.191513293467 0.5 0.5 0.8 1.094 0.0292 0.0536 0.3852 1.0533 1 0 1538685885.0
0.191513293467 0.5 0.5 0.8 1.027 0.0292 0.0508 0.3852 1.0533 1 0 1538685885.0
0.192782838874 0.5 0.5 0.8 0.649666666667 0.0304 0.0296 0.009 0.5205 1 0 1538685885.0
0.191513293467 0.5 0.5 0.8 0.544333333333 0.0298 0.0316 0.2482 1.0533 1 0 1538685892.0
0.191513293467 0.5 0.5 0.8 0.282 0.0292 0.0396 0.2482 1.0533 1 0 1538685892.0
0.191513293467 0.5 0.5 0.8 1.17633333333 0.0292 0.0404 0.3852 1.0533 1 0 1538685892.0
0.191513293467 0.5 0.5 0.8 0.951 0.0292 0.0416 0.3852 1.0533 1 0 1538685892.0
0.191513293467 0.5 0.5 0.8 0.914333333333 0.0292 0.0326 0.3852 1.0533 1 0 1538685892.0
0.191513293467 0.5 0.5 0.8 1.022 0.0292 0.0526 0.3852 1.0533 1 0 1538685892.0
0.191513293467 0.5 0.5 0.8 1.094 0.0292 0.0538 0.3852 1.0533 1 0 1538685892.0
0.191513293467 0.5 0.5 0.8 1.027 0.0292 0.051 0.3852 1.0533 1 0 1538685892.0
0.192782838874 0.5 0.5 0.8 0.649666666667 0.0304 0.0296 0.009 0.5205 1 0 1538685893.0
0.61328324457 0.5 0.5 0.8 0.282 0.0292 0.0408 0.009 0.9186 1 0 1538685965.0
0.61328324457 0.5 0.5 0.8 0.951 0.0292 0.0414 0.2482 0.9186 1 0 1538685965.0
0.61328324457 0.5 0.5 0.8 1.094 0.0292 0.0538 0.2482 0.9186 1 0 1538685965.0
0.61328324457 0.5 0.5 0.8 1.17633333333 0.0292 0.0406 0.2482 0.9186 1 0 1538685965.0
0.61328324457 0.5 0.5 0.8 0.914333333333 0.0292 0.0326 0.2482 0.9186 1 0 1538685965.0
0.61328324457 0.5 0.5 0.8 1.022 0.0292 0.0526 0.2482 0.9186 1 0 1538685965.0
0.61328324457 0.5 0.5 0.8 1.027 0.0292 0.0508 0.2482 0.9186 1 0 1538685965.0
0.61328324457 0.5 0.5 0.8 0.649666666667 0.0304 0.0296 0.009 0.9186 1 0 1538685965.0
0.61328324457 0.5 0.5 0.8 0.544333333333 0.0298 0.0316 0.2482 0.9186 1 0 1538685974.0
0.61328324457 0.5 0.5 0.8 0.282 0.0292 0.0396 0.2482 0.9186 1 0 1538685974.0
0.61328324457 0.5 0.5 0.8 0.649666666667 0.0304 0.0296 0.009 0.9186 1 0 1538685975.0
0.61328324457 0.5 0.5 0.8 0.544333333333 0.0298 0.0314 0.2482 0.9186 1 0 1538685979.0
0.61328324457 0.5 0.5 0.8 0.282 0.0292 0.0396 0.2482 0.9186 1 0 1538685979.0
0.61328324457 0.5 0.5 0.8 0.544333333333 0.0298 0.0314 0.2482 0.9186 1 0 1538685980.0
0.61328324457 0.5 0.5 0.8 0.282 0.0292 0.0408 0.2482 0.9186 1 0 1538685980.0
0.61328324457 0.5 0.5 0.8 0.544333333333 0.0298 0.0314 0.2482 0.9186 1 0 1538685981.0
0.61328324457 0.5 0.5 0.8 0.282 0.0292 0.0394 0.2482 0.9186 1 0 1538685981.0
0.61328324457 0.5 0.5 0.8 0.544333333333 0.0298 0.0314 0.2482 0.9186 1 0 1538685982.0
0.61328324457 0.5 0.5 0.8 0.282 0.0292 0.041 0.2482 0.9186 1 0 1538685982.0
0.61328324457 0.5 0.5 0.8 0.544333333333 0.0298 0.0314 0.2482 0.9186 1 0 1538685984.0
0.61328324457 0.5 0.5 0.8 0.282 0.0292 0.041 0.2482 0.9186 1 0 1538685984.0
0.61328324457 0.5 0.5 0.8 0.544333333333 0.0298 0.0314 0.2482 0.9186 1 0 1538685986.0
0.61328324457 0.5 0.5 0.8 0.282 0.0292 0.0396 0.2482 0.9186 1 0 1538685986.0
0.61328324457 0.5 0.5 0.8 0.544333333333 0.0298 0.0314 0.2482 0.9186 1 0 1538685986.0
0.61328324457 0.5 0.5 0.8 0.282 0.0292 0.0394 0.2482 0.9186 1 0 1538685986.0
0.61328324457 0.5 0.5 0.8 0.544333333333 0.0298 0.0314 0.2482 0.9186 1 0 1538685988.0
0.61328324457 0.5 0.5 0.8 0.282 0.0292 0.0394 0.2482 0.9186 1 0 1538685988.0
0.61328324457 0.5 0.5 0.8 0.282 0.0292 0.04 0.009 0.9177 1 0 1538686017.0
0.61328324457 0.5 0.5 0.8 1.17633333333 0.0292 0.0406 0.2482 0.9177 1 0 1538686017.0
0.61328324457 0.5 0.5 0.8 1.094 0.0292 0.0536 0.2482 0.9177 1 0 1538686017.0
0.61328324457 0.5 0.5 0.8 0.914333333333 0.0292 0.0326 0.2482 0.9177 1 0 1538686017.0
0.61328324457 0.5 0.5 0.8 0.951 0.0292 0.0414 0.2482 0.9177 1 0 1538686017.0
0.61328324457 0.5 0.5 0.8 1.022 0.0292 0.0524 0.2482 0.9177 1 0 1538686018.0
0.61328324457 0.5 0.5 0.8 1.027 0.0292 0.0508 0.2482 0.9177 1 0 1538686018.0
0.61328324457 0.5 0.5 0.8 0.649666666667 0.0304 0.0296 0.009 0.9177 1 0 1538686018.0
0.61328324457 0.5 0.5 0.8 0.544333333333 0.0298 0.0314 0.2482 0.9177 1 0 1538686022.0
0.61328324457 0.5 0.5 0.8 0.282 0.0292 0.041 0.2482 0.9177 1 0 1538686022.0
0.61328324457 0.5 0.5 0.8 0.649666666667 0.0304 0.0312 0.009 0.9177 1 0 1538686022.0
0.61328324457 0.5 0.5 0.8 0.544333333333 0.0298 0.0314 0.2482 0.9177 1 0 1538686026.0
0.61328324457 0.5 0.5 0.8 0.282 0.0292 0.0408 0.2482 0.9177 1 0 1538686026.0
0.61328324457 0.5 0.5 0.8 0.544333333333 0.0298 0.0314 0.2482 0.9177 1 0 1538686028.0
0.61328324457 0.5 0.5 0.8 0.282 0.0292 0.0408 0.2482 0.9177 1 0 1538686028.0
0.61328324457 0.5 0.5 0.8 0.544333333333 0.0298 0.0314 0.2482 0.9177 1 0 1538686030.0
0.61328324457 0.5 0.5 0.8 0.282 0.0292 0.0396 0.2482 0.9177 1 0 1538686030.0
0.61328324457 0.5 0.5 0.8 0.544333333333 0.0298 0.0314 0.2482 0.9177 1 0 1538686031.0
0.61328324457 0.5 0.5 0.8 0.282 0.0292 0.0394 0.2482 0.9177 1 0 1538686031.0
0.61328324457 0.5 0.5 0.8 0.544333333333 0.0298 0.0314 0.2482 0.9177 1 0 1538686031.0
0.61328324457 0.5 0.5 0.8 0.282 0.0292 0.0394 0.2482 0.9177 1 0 1538686031.0
0.61328324457 0.5 0.5 0.8 0.544333333333 0.0298 0.0314 0.2482 0.9177 1 0 1538686033.0
0.61328324457 0.5 0.5 0.8 0.282 0.0292 0.0394 0.2482 0.9177 1 0 1538686033.0
0.61328324457 0.5 0.5 0.8 0.544333333333 0.0298 0.0314 0.2482 0.9177 1 0 1538686034.0
0.61328324457 0.5 0.5 0.8 0.282 0.0292 0.0394 0.2482 0.9177 1 0 1538686034.0
0.61328324457 0.5 0.5 0.8 0.544333333333 0.0298 0.0314 0.2482 0.9177 1 0 1538686036.0
0.61328324457 0.5 0.5 0.8 0.282 0.0292 0.0394 0.2482 0.9177 1 0 1538686036.0
0.61328324457 0.5 0.5 0.8 0.544333333333 0.0298 0.0314 0.2482 0.9177 1 0 1538686037.0
0.61328324457 0.5 0.5 0.8 0.282 0.0292 0.0406 0.2482 0.9177 1 0 1538686037.0
0.61328324457 0.5 0.5 0.8 0.544333333333 0.0298 0.0314 0.2482 0.9177 1 0 1538686039.0
0.61328324457 0.5 0.5 0.8 0.282 0.0292 0.0396 0.2482 0.9177 1 0 1538686039.0
0.61328324457 0.5 0.5 0.8 0.316 0.0302 0.0414 0.009 0.1957 1 0 1538685461.0
0.61328324457 0.5 0.5 0.8 0.316 0.0302 0.0414 0.009 0.1957 1 0 1538685464.0
0.61328324457 0.5 0.5 0.8 0.316 0.0302 0.0414 0.009 0.1957 1 0 1538685466.0
0.61328324457 0.5 0.5 0.8 0.316 0.0302 0.0414 0.009 0.1957 1 0 1538685468.0
0.61328324457 0.5 0.5 0.8 0.316 0.0302 0.0414 0.009 0.1957 1 0 1538685470.0
0.61328324457 0.5 0.5 0.8 0.316 0.0302 0.0414 0.009 0.1957 1 0 1538685472.0
0.61328324457 0.5 0.5 0.8 0.316 0.0302 0.0414 0.009 0.1957 1 0 1538685474.0
0.61328324457 0.5 0.5 0.8 0.316 0.0302 0.0414 0.009 0.1957 1 0 1538685476.0
0.61328324457 0.5 0.5 0.8 0.316 0.0302 0.0414 0.009 0.1957 1 0 1538685478.0
0.61328324457 0.5 0.5 0.8 0.316 0.0302 0.0414 0.009 0.1957 1 0 1538685480.0
0.61328324457 0.5 0.5 0.8 0.316 0.0302 0.0414 0.009 0.1957 1 0 1538685482.0
0.61328324457 0.5 0.5 0.8 0.316 0.0302 0.0414 0.009 0.1957 1 0 1538685484.0
0.61328324457 0.5 0.5 0.8 0.316 0.0302 0.0414 0.009 0.1957 1 0 1538685486.0
0.61328324457 0.5 0.5 0.8 0.316 0.0302 0.0414 0.009 0.1957 1 0 1538685488.0
0.61328324457 0.5 0.5 0.8 0.316 0.0302 0.0414 0.009 0.1957 1 0 1538685490.0
0.61328324457 0.5 0.5 0.8 0.316 0.0302 0.0414 0.009 0.1957 1 0 1538685493.0
0.61328324457 0.5 0.5 0.8 0.316 0.0302 0.0414 0.009 0.1957 1 0 1538685495.0
0.61328324457 0.5 0.5 0.8 0.316 0.0302 0.0414 0.009 0.1957 1 0 1538685497.0
0.61328324457 0.5 0.5 0.8 0.316 0.0302 0.0414 0.009 0.1957 1 0 1538685499.0
0.61328324457 0.5 0.5 0.8 0.316 0.0302 0.0414 0.009 0.1957 1 0 1538685501.0
0.61328324457 0.5 0.5 0.8 0.316 0.0302 0.0414 0.009 0.1957 1 0 1538685503.0
0.61328324457 0.5 0.5 0.8 0.316 0.0302 0.0414 0.009 0.1957 1 0 1538685505.0
0.61328324457 0.5 0.5 0.8 0.316 0.0302 0.0414 0.009 0.1957 1 0 1538685507.0
0.61328324457 0.5 0.5 0.8 0.316 0.0302 0.0414 0.009 0.1957 1 0 1538685509.0
0.61328324457 0.5 0.5 0.8 0.316 0.0302 0.0414 0.009 0.1957 1 0 1538685511.0
0.61328324457 0.5 0.5 0.8 0.316 0.0302 0.0414 0.009 0.1957 1 0 1538685513.0
0.61328324457 0.5 0.5 0.8 0.316 0.0302 0.0414 0.009 0.1957 1 0 1538685515.0
0.61328324457 0.5 0.5 0.8 0.316 0.0302 0.0414 0.009 0.1957 1 0 1538685517.0
0.61328324457 0.5 0.5 0.8 0.316 0.0302 0.0414 0.009 0.1957 1 0 1538685519.0
0.61328324457 0.5 0.5 0.8 0.316 0.0302 0.0414 0.009 0.1957 1 0 1538685521.0
0.61328324457 0.5 0.5 0.8 0.316 0.0302 0.0414 0.009 0.1957 1 0 1538685523.0
0.61328324457 0.5 0.5 0.8 0.316 0.0302 0.0414 0.009 0.1957 1 0 1538685525.0
0.61328324457 0.5 0.5 0.8 0.316 0.0302 0.0414 0.009 0.1957 1 0 1538685527.0
0.61328324457 0.5 0.5 0.8 0.316 0.0302 0.0414 0.009 0.1957 1 0 1538685529.0
0.61328324457 0.5 0.5 0.8 0.316 0.0302 0.0414 0.009 0.1957 1 0 1538685532.0
0.61328324457 0.5 0.5 0.8 0.316 0.0302 0.0414 0.009 0.1957 1 0 1538685534.0
0.61328324457 0.5 0.5 0.8 0.316 0.0302 0.0414 0.009 0.1957 1 0 1538685536.0
0.61328324457 0.5 0.5 0.8 0.316 0.0302 0.0414 0.009 0.1957 1 0 1538685538.0
0.61328324457 0.5 0.5 0.8 0.316 0.0302 0.0414 0.009 0.1957 1 0 1538685540.0
0.61328324457 0.5 0.5 0.8 0.316 0.0302 0.0414 0.009 0.1957 1 0 1538685542.0
0.61328324457 0.5 0.5 0.8 0.316 0.0302 0.0414 0.009 0.1957 1 0 1538685544.0
0.61328324457 0.5 0.5 0.8 0.316 0.0302 0.0414 0.009 0.1957 1 0 1538685546.0
0.61328324457 0.5 0.5 0.8 0.316 0.0302 0.0414 0.009 0.1957 1 0 1538685548.0
0.61328324457 0.5 0.5 0.8 0.316 0.0302 0.0414 0.009 0.1957 1 0 1538685550.0
0.61328324457 0.5 0.5 0.8 0.316 0.0302 0.0414 0.009 0.1957 1 0 1538685552.0
0.61328324457 0.5 0.5 0.8 0.316 0.0302 0.0414 0.009 0.1957 1 0 1538685554.0
0.61328324457 0.5 0.5 0.8 0.316 0.0302 0.0414 0.009 0.1957 1 0 1538685556.0
0.61328324457 0.5 0.5 0.8 0.316 0.0302 0.0414 0.009 0.1957 1 0 1538685558.0
0.61328324457 0.5 0.5 0.8 0.316 0.0302 0.0414 0.009 0.1957 1 0 1538685560.0
0.61328324457 0.5 0.5 0.8 0.316 0.0302 0.0414 0.009 0.1957 1 0 1538685562.0
0.61328324457 0.5 0.5 0.8 0.316 0.0302 0.0414 0.009 0.1957 1 0 1538685564.0
0.61328324457 0.5 0.5 0.8 0.316 0.0302 0.0414 0.009 0.1957 1 0 1538685566.0
0.61328324457 0.5 0.5 0.8 0.316 0.0302 0.0414 0.009 0.1957 1 0 1538685568.0
0.61328324457 0.5 0.5 0.8 0.316 0.0302 0.0414 0.009 0.1957 1 0 1538685570.0
0.61328324457 0.5 0.5 0.8 0.316 0.0302 0.0414 0.009 0.1957 1 0 1538685572.0
0.61328324457 0.5 0.5 0.8 0.316 0.0302 0.0414 0.009 0.1957 1 0 1538685575.0
0.61328324457 0.5 0.5 0.8 0.316 0.0302 0.0414 0.009 0.1957 1 0 1538685577.0
0.61328324457 0.5 0.5 0.8 0.316 0.0302 0.0414 0.009 0.1957 1 0 1538685579.0
0.61328324457 0.5 0.5 0.8 0.316 0.0302 0.0414 0.009 0.1957 1 0 1538685581.0
0.61328324457 0.5 0.5 0.8 0.316 0.0302 0.0414 0.009 0.1957 1 0 1538685583.0
0.61328324457 0.5 0.5 0.8 0.316 0.0302 0.0414 0.009 0.1957 1 0 1538685585.0
0.61328324457 0.5 0.5 0.8 0.316 0.0302 0.0414 0.009 0.1957 1 0 1538685587.0
0.61328324457 0.5 0.5 0.8 0.316 0.0302 0.0414 0.009 0.1957 1 0 1538685589.0
0.61328324457 0.5 0.5 0.8 0.316 0.0302 0.0414 0.009 0.1957 1 0 1538685591.0
0.61328324457 0.5 0.5 0.8 0.316 0.0302 0.0414 0.009 0.1957 1 0 1538685593.0
0.61328324457 0.5 0.5 0.8 0.316 0.0302 0.0414 0.009 0.1957 1 0 1538685595.0
0.61328324457 0.5 0.5 0.8 0.316 0.0302 0.0414 0.009 0.1957 1 0 1538685597.0
0.61328324457 0.5 0.5 0.8 0.316 0.0302 0.0414 0.009 0.1957 1 0 1538685599.0
0.61328324457 0.5 0.5 0.8 0.316 0.0302 0.0414 0.009 0.1957 1 0 1538685601.0
0.61328324457 0.5 0.5 0.8 0.316 0.0302 0.0414 0.009 0.1957 1 0 1538685603.0
0.61328324457 0.5 0.5 0.8 0.316 0.0302 0.0414 0.009 0.1957 1 0 1538685605.0
0.61328324457 0.5 0.5 0.8 0.316 0.0302 0.0414 0.009 0.1957 1 0 1538685607.0
0.61328324457 0.5 0.5 0.8 0.316 0.0302 0.0414 0.009 0.1957 1 0 1538685609.0
0.61328324457 0.5 0.5 0.8 0.316 0.0302 0.0414 0.009 0.1957 1 0 1538685611.0
0.61328324457 0.5 0.5 0.8 0.316 0.0302 0.0414 0.009 0.1957 1 0 1538685613.0
0.61328324457 0.5 0.5 0.8 0.316 0.0302 0.0414 0.009 0.1957 1 0 1538685615.0
0.61328324457 0.5 0.5 0.8 0.316 0.0302 0.0414 0.009 0.1957 1 0 1538685618.0
0.61328324457 0.5 0.5 0.8 0.316 0.0302 0.0414 0.009 0.1957 1 0 1538685620.0
0.61328324457 0.5 0.5 0.8 0.316 0.0302 0.0414 0.009 0.1957 1 0 1538685622.0
0.61328324457 0.5 0.5 0.8 0.316 0.0302 0.0414 0.009 0.1957 1 0 1538685624.0
0.61328324457 0.5 0.5 0.8 0.316 0.0302 0.0414 0.009 0.1957 1 0 1538685626.0
0.61328324457 0.5 0.5 0.8 0.316 0.0302 0.0414 0.009 0.1957 1 0 1538685628.0
0.61328324457 0.5 0.5 0.8 0.316 0.0302 0.0414 0.009 0.1957 1 0 1538685630.0
0.61328324457 0.5 0.5 0.8 0.316 0.0302 0.0414 0.009 0.1957 1 0 1538685632.0
0.61328324457 0.5 0.5 0.8 0.316 0.0302 0.0414 0.009 0.1957 1 0 1538685634.0
0.61328324457 0.5 0.5 0.8 0.316 0.0302 0.0414 0.009 0.1957 1 0 1538685636.0
0.61328324457 0.5 0.5 0.8 0.316 0.0302 0.0414 0.009 0.1957 1 0 1538685638.0
0.61328324457 0.5 0.5 0.8 0.316 0.0302 0.0414 0.009 0.1957 1 0 1538685640.0
0.61328324457 0.5 0.5 0.8 0.316 0.0302 0.0414 0.009 0.1957 1 0 1538685642.0
0.61328324457 0.5 0.5 0.8 0.316 0.0302 0.0414 0.009 0.1957 1 0 1538685644.0
0.61328324457 0.5 0.5 0.8 0.316 0.0302 0.0414 0.009 0.1957 1 0 1538685646.0
0.61328324457 0.5 0.5 0.8 0.316 0.0302 0.0414 0.009 0.1957 1 0 1538685648.0
0.61328324457 0.5 0.5 0.8 0.316 0.0302 0.0414 0.009 0.1957 1 0 1538685650.0
0.61328324457 0.5 0.5 0.8 0.316 0.0302 0.0414 0.009 0.1957 1 0 1538685652.0
0.61328324457 0.5 0.5 0.8 0.316 0.0302 0.0414 0.009 0.1957 1 0 1538685654.0
0.61328324457 0.5 0.5 0.8 0.316 0.0302 0.0414 0.009 0.1957 1 0 1538685656.0
0.61328324457 0.5 0.5 0.8 0.316 0.0302 0.0414 0.009 0.1957 1 0 1538685659.0
0.61328324457 0.5 0.5 0.8 0.316 0.0302 0.0414 0.009 0.1957 1 0 1538685661.0
0.61328324457 0.5 0.5 0.8 0.316 0.0302 0.0414 0.009 0.1957 1 0 1538685663.0
0.61328324457 0.5 0.5 0.8 0.316 0.0302 0.0414 0.009 0.1957 1 0 1538685665.0
0.61328324457 0.5 0.5 0.8 0.282 0.0292 0.0396 0.2482 0.8968 1 0 1538685716.0
0.61328324457 0.5 0.5 0.8 0.544333333333 0.0298 0.0314 0.2482 0.8968 1 0 1538685718.0
0.61328324457 0.5 0.5 0.8 0.282 0.0292 0.0406 0.2482 0.8968 1 0 1538685718.0
0.61328324457 0.5 0.5 0.8 0.544333333333 0.0298 0.0314 0.2482 0.8968 1 0 1538685721.0
0.61328324457 0.5 0.5 0.8 0.282 0.0292 0.0396 0.2482 0.8968 1 0 1538685721.0
0.61328324457 0.5 0.5 0.8 0.544333333333 0.0298 0.0314 0.2482 0.8968 1 0 1538685724.0
0.61328324457 0.5 0.5 0.8 0.282 0.0292 0.0394 0.2482 0.8968 1 0 1538685724.0
0.61328324457 0.5 0.5 0.8 0.544333333333 0.0298 0.0314 0.2482 0.8968 1 0 1538685725.0
0.61328324457 0.5 0.5 0.8 0.282 0.0292 0.041 0.2482 0.8968 1 0 1538685725.0
0.61328324457 0.5 0.5 0.8 0.544333333333 0.0298 0.0314 0.2482 0.8968 1 0 1538685725.0
0.61328324457 0.5 0.5 0.8 0.282 0.0292 0.0396 0.2482 0.8968 1 0 1538685725.0
0.61328324457 0.5 0.5 0.8 0.544333333333 0.0298 0.0314 0.2482 0.8968 1 0 1538685727.0
0.61328324457 0.5 0.5 0.8 0.282 0.0292 0.0396 0.2482 0.8968 1 0 1538685727.0
0.61328324457 0.5 0.5 0.8 0.544333333333 0.0298 0.0314 0.2482 0.8968 1 0 1538685730.0
0.61328324457 0.5 0.5 0.8 0.282 0.0292 0.0394 0.2482 0.8968 1 0 1538685730.0
0.61328324457 0.5 0.5 0.8 0.282 0.0292 0.04 0.009 0.7924 1 0 1538685768.0
0.61328324457 0.5 0.5 0.8 1.17633333333 0.0292 0.0406 0.2482 0.7924 1 0 1538685768.0
0.61328324457 0.5 0.5 0.8 1.094 0.0292 0.0536 0.2482 0.7924 1 0 1538685768.0
0.61328324457 0.5 0.5 0.8 0.951 0.0292 0.0416 0.2482 0.7924 1 0 1538685768.0
0.61328324457 0.5 0.5 0.8 0.914333333333 0.0292 0.0326 0.2482 0.7924 1 0 1538685768.0
0.61328324457 0.5 0.5 0.8 1.022 0.0292 0.0526 0.2482 0.7924 1 0 1538685768.0
0.61328324457 0.5 0.5 0.8 1.027 0.0292 0.051 0.2482 0.7924 1 0 1538685768.0
0.61328324457 0.5 0.5 0.8 0.649666666667 0.0304 0.0312 0.2482 0.7924 1 0 1538685769.0
0.61328324457 0.5 0.5 0.8 0.544333333333 0.0298 0.0316 0.2482 0.7924 1 0 1538685775.0
0.61328324457 0.5 0.5 0.8 0.282 0.0292 0.0394 0.2482 0.7924 1 0 1538685775.0
0.61328324457 0.5 0.5 0.8 0.544333333333 0.0298 0.0314 0.2482 0.7924 1 0 1538685777.0
0.61328324457 0.5 0.5 0.8 0.282 0.0292 0.0408 0.2482 0.7924 1 0 1538685777.0
0.61328324457 0.5 0.5 0.8 0.544333333333 0.0298 0.0314 0.2482 0.7924 1 0 1538685780.0
0.61328324457 0.5 0.5 0.8 0.282 0.0292 0.0396 0.2482 0.7924 1 0 1538685780.0
0.61328324457 0.5 0.5 0.8 0.544333333333 0.0298 0.0314 0.2482 0.7924 1 0 1538685782.0
0.61328324457 0.5 0.5 0.8 0.282 0.0292 0.0408 0.2482 0.7924 1 0 1538685782.0
0.191513288811 0.5 0.5 0.8 0.282 0.0292 0.041 0.009 1.0533 1 0 1538685870.0
0.191513288811 0.5 0.5 0.8 1.094 0.0292 0.0536 0.2482 1.0533 1 0 1538685871.0
0.191513288811 0.5 0.5 0.8 1.17633333333 0.0292 0.0406 0.2482 1.0533 1 0 1538685871.0
0.191513288811 0.5 0.5 0.8 1.022 0.0292 0.0526 0.2482 1.0533 1 0 1538685871.0
0.191513288811 0.5 0.5 0.8 0.951 0.0292 0.0416 0.2482 1.0533 1 0 1538685871.0
0.191513288811 0.5 0.5 0.8 0.914333333333 0.0292 0.0326 0.2482 1.0533 1 0 1538685871.0
0.191513288811 0.5 0.5 0.8 1.027 0.0292 0.051 0.2482 1.0533 1 0 1538685871.0
0.192782838874 0.5 0.5 0.8 0.649666666667 0.0304 0.0296 0.009 0.5205 1 0 1538685871.0
0.191513293467 0.5 0.5 0.8 0.544333333333 0.0298 0.0316 0.2482 1.0533 1 0 1538685877.0
0.191513293467 0.5 0.5 0.8 0.282 0.0292 0.0394 0.2482 1.0533 1 0 1538685877.0
0.191513293467 0.5 0.5 0.8 1.094 0.0292 0.0536 0.3852 1.0533 1 0 1538685877.0
0.191513293467 0.5 0.5 0.8 1.022 0.0292 0.0526 0.3852 1.0533 1 0 1538685877.0
0.191513293467 0.5 0.5 0.8 0.951 0.0292 0.0416 0.3852 1.0533 1 0 1538685877.0
0.191513293467 0.5 0.5 0.8 0.914333333333 0.0292 0.0326 0.3852 1.0533 1 0 1538685877.0
0.191513293467 0.5 0.5 0.8 1.17633333333 0.0292 0.0406 0.3852 1.0533 1 0 1538685877.0
0.191513293467 0.5 0.5 0.8 1.027 0.0292 0.051 0.3852 1.0533 1 0 1538685877.0
0.192782838874 0.5 0.5 0.8 0.649666666667 0.0304 0.0296 0.009 0.5205 1 0 1538685877.0
0.191513293467 0.5 0.5 0.8 0.544333333333 0.0298 0.0316 0.2482 1.0533 1 0 1538685881.0
0.191513293467 0.5 0.5 0.8 0.282 0.0292 0.0394 0.2482 1.0533 1 0 1538685881.0
0.191513293467 0.5 0.5 0.8 1.17633333333 0.0292 0.0404 0.3852 1.0533 1 0 1538685881.0
0.191513293467 0.5 0.5 0.8 0.951 0.0292 0.0414 0.3852 1.0533 1 0 1538685881.0
0.191513293467 0.5 0.5 0.8 0.914333333333 0.0292 0.0324 0.3852 1.0533 1 0 1538685881.0
0.191513293467 0.5 0.5 0.8 1.094 0.0292 0.0536 0.3852 1.0533 1 0 1538685881.0
0.191513293467 0.5 0.5 0.8 1.022 0.0292 0.0524 0.3852 1.0533 1 0 1538685881.0
0.191513293467 0.5 0.5 0.8 1.027 0.0292 0.0508 0.3852 1.0533 1 0 1538685881.0
0.192782838874 0.5 0.5 0.8 0.649666666667 0.0304 0.0296 0.009 0.5205 1 0 1538685881.0
0.191513293467 0.5 0.5 0.8 0.544333333333 0.0298 0.0316 0.2482 1.0533 1 0 1538685885.0
0.191513293467 0.5 0.5 0.8 0.282 0.0292 0.0396 0.2482 1.0533 1 0 1538685885.0
0.191513293467 0.5 0.5 0.8 0.951 0.0292 0.0414 0.3852 1.0533 1 0 1538685885.0
0.191513293467 0.5 0.5 0.8 0.914333333333 0.0292 0.0324 0.3852 1.0533 1 0 1538685885.0
0.191513293467 0.5 0.5 0.8 1.17633333333 0.0292 0.0404 0.3852 1.0533 1 0 1538685885.0
0.191513293467 0.5 0.5 0.8 1.022 0.0292 0.0524 0.3852 1.0533 1 0 1538685885.0
0.191513293467 0.5 0.5 0.8 1.094 0.0292 0.0536 0.3852 1.0533 1 0 1538685885.0
0.191513293467 0.5 0.5 0.8 1.027 0.0292 0.0508 0.3852 1.0533 1 0 1538685885.0
0.192782838874 0.5 0.5 0.8 0.649666666667 0.0304 0.0296 0.009 0.5205 1 0 1538685885.0
0.191513293467 0.5 0.5 0.8 0.544333333333 0.0298 0.0316 0.2482 1.0533 1 0 1538685892.0
0.191513293467 0.5 0.5 0.8 0.282 0.0292 0.0396 0.2482 1.0533 1 0 1538685892.0
0.191513293467 0.5 0.5 0.8 1.17633333333 0.0292 0.0404 0.3852 1.0533 1 0 1538685892.0
0.191513293467 0.5 0.5 0.8 0.951 0.0292 0.0416 0.3852 1.0533 1 0 1538685892.0
0.191513293467 0.5 0.5 0.8 0.914333333333 0.0292 0.0326 0.3852 1.0533 1 0 1538685892.0
0.191513293467 0.5 0.5 0.8 1.022 0.0292 0.0526 0.3852 1.0533 1 0 1538685892.0
0.191513293467 0.5 0.5 0.8 1.094 0.0292 0.0538 0.3852 1.0533 1 0 1538685892.0
0.191513293467 0.5 0.5 0.8 1.027 0.0292 0.051 0.3852 1.0533 1 0 1538685892.0
0.192782838874 0.5 0.5 0.8 0.649666666667 0.0304 0.0296 0.009 0.5205 1 0 1538685893.0
0.61328324457 0.5 0.5 0.8 0.282 0.0292 0.0408 0.009 0.9186 1 0 1538685965.0
0.61328324457 0.5 0.5 0.8 0.951 0.0292 0.0414 0.2482 0.9186 1 0 1538685965.0
0.61328324457 0.5 0.5 0.8 1.094 0.0292 0.0538 0.2482 0.9186 1 0 1538685965.0
0.61328324457 0.5 0.5 0.8 1.17633333333 0.0292 0.0406 0.2482 0.9186 1 0 1538685965.0
0.61328324457 0.5 0.5 0.8 0.914333333333 0.0292 0.0326 0.2482 0.9186 1 0 1538685965.0
0.61328324457 0.5 0.5 0.8 1.022 0.0292 0.0526 0.2482 0.9186 1 0 1538685965.0
0.61328324457 0.5 0.5 0.8 1.027 0.0292 0.0508 0.2482 0.9186 1 0 1538685965.0
0.61328324457 0.5 0.5 0.8 0.649666666667 0.0304 0.0296 0.009 0.9186 1 0 1538685965.0
0.61328324457 0.5 0.5 0.8 0.544333333333 0.0298 0.0316 0.2482 0.9186 1 0 1538685974.0
0.61328324457 0.5 0.5 0.8 0.282 0.0292 0.0396 0.2482 0.9186 1 0 1538685974.0
0.61328324457 0.5 0.5 0.8 0.649666666667 0.0304 0.0296 0.009 0.9186 1 0 1538685975.0
0.61328324457 0.5 0.5 0.8 0.544333333333 0.0298 0.0314 0.2482 0.9186 1 0 1538685979.0
0.61328324457 0.5 0.5 0.8 0.282 0.0292 0.0396 0.2482 0.9186 1 0 1538685979.0
0.61328324457 0.5 0.5 0.8 0.544333333333 0.0298 0.0314 0.2482 0.9186 1 0 1538685980.0
0.61328324457 0.5 0.5 0.8 0.282 0.0292 0.0408 0.2482 0.9186 1 0 1538685980.0
0.61328324457 0.5 0.5 0.8 0.544333333333 0.0298 0.0314 0.2482 0.9186 1 0 1538685981.0
0.61328324457 0.5 0.5 0.8 0.282 0.0292 0.0394 0.2482 0.9186 1 0 1538685981.0
0.61328324457 0.5 0.5 0.8 0.544333333333 0.0298 0.0314 0.2482 0.9186 1 0 1538685982.0
0.61328324457 0.5 0.5 0.8 0.282 0.0292 0.041 0.2482 0.9186 1 0 1538685982.0
0.61328324457 0.5 0.5 0.8 0.544333333333 0.0298 0.0314 0.2482 0.9186 1 0 1538685984.0
0.61328324457 0.5 0.5 0.8 0.282 0.0292 0.041 0.2482 0.9186 1 0 1538685984.0
0.61328324457 0.5 0.5 0.8 0.544333333333 0.0298 0.0314 0.2482 0.9186 1 0 1538685986.0
0.61328324457 0.5 0.5 0.8 0.282 0.0292 0.0396 0.2482 0.9186 1 0 1538685986.0
0.61328324457 0.5 0.5 0.8 0.544333333333 0.0298 0.0314 0.2482 0.9186 1 0 1538685986.0
0.61328324457 0.5 0.5 0.8 0.282 0.0292 0.0394 0.2482 0.9186 1 0 1538685986.0
0.61328324457 0.5 0.5 0.8 0.544333333333 0.0298 0.0314 0.2482 0.9186 1 0 1538685988.0
0.61328324457 0.5 0.5 0.8 0.282 0.0292 0.0394 0.2482 0.9186 1 0 1538685988.0
0.61328324457 0.5 0.5 0.8 0.282 0.0292 0.04 0.009 0.9177 1 0 1538686017.0
0.61328324457 0.5 0.5 0.8 1.17633333333 0.0292 0.0406 0.2482 0.9177 1 0 1538686017.0
0.61328324457 0.5 0.5 0.8 1.094 0.0292 0.0536 0.2482 0.9177 1 0 1538686017.0
0.61328324457 0.5 0.5 0.8 0.914333333333 0.0292 0.0326 0.2482 0.9177 1 0 1538686017.0
0.61328324457 0.5 0.5 0.8 0.951 0.0292 0.0414 0.2482 0.9177 1 0 1538686017.0
0.61328324457 0.5 0.5 0.8 1.022 0.0292 0.0524 0.2482 0.9177 1 0 1538686018.0
0.61328324457 0.5 0.5 0.8 1.027 0.0292 0.0508 0.2482 0.9177 1 0 1538686018.0
0.61328324457 0.5 0.5 0.8 0.649666666667 0.0304 0.0296 0.009 0.9177 1 0 1538686018.0
0.61328324457 0.5 0.5 0.8 0.544333333333 0.0298 0.0314 0.2482 0.9177 1 0 1538686022.0
0.61328324457 0.5 0.5 0.8 0.282 0.0292 0.041 0.2482 0.9177 1 0 1538686022.0
0.61328324457 0.5 0.5 0.8 0.649666666667 0.0304 0.0312 0.009 0.9177 1 0 1538686022.0
0.61328324457 0.5 0.5 0.8 0.544333333333 0.0298 0.0314 0.2482 0.9177 1 0 1538686026.0
0.61328324457 0.5 0.5 0.8 0.282 0.0292 0.0408 0.2482 0.9177 1 0 1538686026.0
0.61328324457 0.5 0.5 0.8 0.544333333333 0.0298 0.0314 0.2482 0.9177 1 0 1538686028.0
0.61328324457 0.5 0.5 0.8 0.282 0.0292 0.0408 0.2482 0.9177 1 0 1538686028.0
0.61328324457 0.5 0.5 0.8 0.544333333333 0.0298 0.0314 0.2482 0.9177 1 0 1538686030.0
0.61328324457 0.5 0.5 0.8 0.282 0.0292 0.0396 0.2482 0.9177 1 0 1538686030.0
0.61328324457 0.5 0.5 0.8 0.544333333333 0.0298 0.0314 0.2482 0.9177 1 0 1538686031.0
0.61328324457 0.5 0.5 0.8 0.282 0.0292 0.0394 0.2482 0.9177 1 0 1538686031.0
0.61328324457 0.5 0.5 0.8 0.544333333333 0.0298 0.0314 0.2482 0.9177 1 0 1538686031.0
0.61328324457 0.5 0.5 0.8 0.282 0.0292 0.0394 0.2482 0.9177 1 0 1538686031.0
0.61328324457 0.5 0.5 0.8 0.544333333333 0.0298 0.0314 0.2482 0.9177 1 0 1538686033.0
0.61328324457 0.5 0.5 0.8 0.282 0.0292 0.0394 0.2482 0.9177 1 0 1538686033.0
0.61328324457 0.5 0.5 0.8 0.544333333333 0.0298 0.0314 0.2482 0.9177 1 0 1538686034.0
0.61328324457 0.5 0.5 0.8 0.282 0.0292 0.0394 0.2482 0.9177 1 0 1538686034.0
0.61328324457 0.5 0.5 0.8 0.544333333333 0.0298 0.0314 0.2482 0.9177 1 0 1538686036.0
0.61328324457 0.5 0.5 0.8 0.282 0.0292 0.0394 0.2482 0.9177 1 0 1538686036.0
0.61328324457 0.5 0.5 0.8 0.544333333333 0.0298 0.0314 0.2482 0.9177 1 0 1538686037.0
0.61328324457 0.5 0.5 0.8 0.282 0.0292 0.0406 0.2482 0.9177 1 0 1538686037.0
0.61328324457 0.5 0.5 0.8 0.544333333333 0.0298 0.0314 0.2482 0.9177 1 0 1538686039.0
0.61328324457 0.5 0.5 0.8 0.282 0.0292 0.0396 0.2482 0.9177 1 0 1538686039.0
0.61328324457 0.5 0.5 0.8 0.401333333333 0.0298 0.0304 0.7322 0.86 0 1 1538686389.0
0.61328324457 0.5 0.5 0.8 0.401333333333 0.0298 0.0304 0.7322 0.86 0 1 1538686389.0
0.61328324457 0.5 0.5 0.8 0.401333333333 0.0298 0.0304 0.7322 0.86 0 1 1538686389.0
0.61328324457 0.5 0.5 0.8 0.401333333333 0.0298 0.0304 0.7322 0.86 0 1 1538686389.0
0.61328324457 0.5 0.5 0.8 0.401333333333 0.0298 0.0304 0.7322 0.86 0 1 1538686390.0
0.61328324457 0.5 0.5 0.8 0.401333333333 0.0298 0.0304 0.7322 0.86 0 1 1538686389.0
0.61328324457 0.5 0.5 0.8 0.401333333333 0.0298 0.0304 0.7322 0.86 0 1 1538686389.0
0.61328324457 0.5 0.5 0.8 0.401333333333 0.0298 0.0304 0.7322 0.86 0 1 1538686389.0
0.61328324457 0.5 0.5 0.8 0.401333333333 0.0298 0.0304 0.7322 0.86 0 1 1538686389.0
0.61328324457 0.5 0.5 0.8 0.401333333333 0.0298 0.0304 0.7322 0.86 0 1 1538686389.0
0.61328324457 0.5 0.5 0.8 0.401333333333 0.0298 0.0304 0.7322 0.86 0 1 1538686390.0
0.61328324457 0.5 0.5 0.8 0.401333333333 0.0298 0.0304 0.7322 0.86 0 1 1538686389.0
0.61328324457 0.5 0.5 0.8 0.401333333333 0.0298 0.0304 0.7322 0.86 0 1 1538686389.0
0.61328324457 0.5 0.5 0.8 0.401333333333 0.0298 0.0304 0.7322 0.86 0 1 1538686390.0
0.61328324457 0.5 0.5 0.8 0.401333333333 0.0298 0.0304 0.7322 0.86 0 1 1538686390.0
0.61328324457 0.5 0.5 0.8 0.401333333333 0.0298 0.0304 0.7322 0.86 0 1 1538686390.0
0.61328324457 0.5 0.5 0.8 0.401333333333 0.0298 0.0304 0.7322 0.86 0 1 1538686390.0
0.61328324457 0.5 0.5 0.8 0.401333333333 0.0298 0.0304 0.7322 0.86 0 1 1538686390.0
0.61328324457 0.5 0.5 0.8 0.401333333333 0.0298 0.0304 0.7322 0.86 0 1 1538686390.0
0.61328324457 0.5 0.5 0.8 0.401333333333 0.0298 0.0304 0.7322 0.86 0 1 1538686390.0
0.61328324457 0.5 0.5 0.8 0.401333333333 0.0298 0.0304 0.7322 0.86 0 1 1538686390.0
0.61328324457 0.5 0.5 0.8 0.401333333333 0.0298 0.0304 0.7322 0.86 0 1 1538686390.0
0.61328324457 0.5 0.5 0.8 0.401333333333 0.0298 0.0304 0.7322 0.86 0 1 1538686390.0
0.61328324457 0.5 0.5 0.8 0.401333333333 0.0298 0.0304 0.7322 0.86 0 1 1538686390.0
0.61328324457 0.5 0.5 0.8 0.401333333333 0.0304 0.0324 0.7322 0.86 0 1 1538686394.0
0.61328324457 0.5 0.5 0.8 0.401333333333 0.0304 0.0324 0.7322 0.86 0 1 1538686395.0
0.61328324457 0.5 0.5 0.8 0.401333333333 0.0304 0.0324 0.7322 0.86 0 1 1538686395.0
0.61328324457 0.5 0.5 0.8 0.401333333333 0.0304 0.0324 0.7322 0.86 0 1 1538686395.0
0.61328324457 0.5 0.5 0.8 0.401333333333 0.0304 0.0324 0.7322 0.86 0 1 1538686395.0
0.61328324457 0.5 0.5 0.8 0.401333333333 0.0304 0.0324 0.7322 0.86 0 1 1538686395.0
0.61328324457 0.5 0.5 0.8 0.401333333333 0.0304 0.0324 0.7322 0.86 0 1 1538686395.0
0.61328324457 0.5 0.5 0.8 0.401333333333 0.0304 0.0324 0.7322 0.86 0 1 1538686395.0
0.61328324457 0.5 0.5 0.8 0.401333333333 0.0304 0.0324 0.7322 0.86 0 1 1538686395.0
0.61328324457 0.5 0.5 0.8 0.401333333333 0.0304 0.0324 0.7322 0.86 0 1 1538686395.0
0.61328324457 0.5 0.5 0.8 0.401333333333 0.0304 0.0324 0.7322 0.86 0 1 1538686395.0
0.61328324457 0.5 0.5 0.8 0.401333333333 0.0304 0.0324 0.7322 0.86 0 1 1538686395.0
0.61328324457 0.5 0.5 0.8 0.401333333333 0.0304 0.0324 0.7322 0.86 0 1 1538686395.0
0.61328324457 0.5 0.5 0.8 0.401333333333 0.0304 0.0324 0.7322 0.86 0 1 1538686395.0
0.61328324457 0.5 0.5 0.8 0.401333333333 0.0304 0.0324 0.7322 0.86 0 1 1538686395.0
0.61328324457 0.5 0.5 0.8 0.401333333333 0.0304 0.0324 0.7322 0.86 0 1 1538686394.0
0.61328324457 0.5 0.5 0.8 0.401333333333 0.0304 0.0324 0.7322 0.86 0 1 1538686395.0
0.61328324457 0.5 0.5 0.8 0.401333333333 0.0304 0.0324 0.7322 0.86 0 1 1538686395.0
0.61328324457 0.5 0.5 0.8 0.401333333333 0.0304 0.0324 0.7322 0.86 0 1 1538686395.0
0.61328324457 0.5 0.5 0.8 0.401333333333 0.0304 0.0324 0.7322 0.86 0 1 1538686395.0
0.61328324457 0.5 0.5 0.8 0.401333333333 0.0304 0.0324 0.7322 0.86 0 1 1538686395.0
0.61328324457 0.5 0.5 0.8 0.401333333333 0.0304 0.0324 0.7322 0.86 0 1 1538686395.0
0.61328324457 0.5 0.5 0.8 0.401333333333 0.0304 0.0324 0.7322 0.86 0 1 1538686395.0
0.61328324457 0.5 0.5 0.8 0.401333333333 0.0304 0.0324 0.7322 0.86 0 1 1538686395.0
0.61328324457 0.5 0.5 0.8 0.401333333333 0.0304 0.0324 0.7322 0.86 0 1 1538686395.0
0.61328324457 0.5 0.5 0.8 0.401333333333 0.0304 0.0324 0.7322 0.86 0 1 1538686395.0
0.61328324457 0.5 0.5 0.8 0.401333333333 0.0304 0.0324 0.7322 0.86 0 1 1538686395.0
0.61328324457 0.5 0.5 0.8 0.401333333333 0.0304 0.0324 0.7322 0.86 0 1 1538686395.0
0.61328324457 0.5 0.5 0.8 0.401333333333 0.0304 0.0324 0.7322 0.86 0 1 1538686395.0
0.61328324457 0.5 0.5 0.8 0.401333333333 0.0304 0.0324 0.7322 0.86 0 1 1538686395.0
0.61328324457 0.5 0.5 0.8 0.401333333333 0.0304 0.0324 0.7322 0.86 0 1 1538686395.0
0.61328324457 0.5 0.5 0.8 0.401333333333 0.0298 0.0304 0.7322 0.86 0 1 1538686394.0
0.61328324457 0.5 0.5 0.8 0.401333333333 0.0304 0.0324 0.7322 0.86 0 1 1538686394.0
0.61328324457 0.5 0.5 0.8 0.401333333333 0.0304 0.0324 0.7322 0.86 0 1 1538686395.0
0.61328324457 0.5 0.5 0.8 0.401333333333 0.0298 0.0304 0.7322 0.86 0 1 1538686394.0
0.61328324457 0.5 0.5 0.8 0.401333333333 0.0298 0.0304 0.7322 0.86 0 1 1538686394.0
0.61328324457 0.5 0.5 0.8 0.401333333333 0.0298 0.0304 0.7322 0.86 0 1 1538686394.0
0.61328324457 0.5 0.5 0.8 0.401333333333 0.0298 0.0304 0.7322 0.86 0 1 1538686394.0
0.61328324457 0.5 0.5 0.8 0.401333333333 0.0298 0.0304 0.7322 0.86 0 1 1538686394.0
0.61328324457 0.5 0.5 0.8 0.401333333333 0.0298 0.0304 0.7322 0.86 0 1 1538686394.0
0.61328324457 0.5 0.5 0.8 0.401333333333 0.0298 0.0304 0.7322 0.86 0 1 1538686394.0
0.61328324457 0.5 0.5 0.8 0.401333333333 0.0298 0.0304 0.7322 0.86 0 1 1538686394.0
0.61328324457 0.5 0.5 0.8 0.401333333333 0.0298 0.0304 0.7322 0.86 0 1 1538686394.0
0.61328324457 0.5 0.5 0.8 0.401333333333 0.0298 0.0304 0.7322 0.86 0 1 1538686394.0
0.61328324457 0.5 0.5 0.8 0.401333333333 0.0298 0.0304 0.7322 0.86 0 1 1538686394.0
0.61328324457 0.5 0.5 0.8 0.401333333333 0.0298 0.0304 0.7322 0.86 0 1 1538686394.0
0.61328324457 0.5 0.5 0.8 0.401333333333 0.0298 0.0304 0.7322 0.86 0 1 1538686394.0
0.61328324457 0.5 0.5 0.8 0.401333333333 0.0298 0.0304 0.7322 0.86 0 1 1538686394.0
0.61328324457 0.5 0.5 0.8 0.401333333333 0.0298 0.0304 0.7322 0.86 0 1 1538686394.0
0.61328324457 0.5 0.5 0.8 0.401333333333 0.0298 0.0304 0.7322 0.86 0 1 1538686394.0
0.61328324457 0.5 0.5 0.8 0.401333333333 0.0298 0.0304 0.7322 0.86 0 1 1538686394.0
0.61328324457 0.5 0.5 0.8 0.401333333333 0.0298 0.0304 0.7322 0.86 0 1 1538686394.0
0.61328324457 0.5 0.5 0.8 0.401333333333 0.0298 0.0304 0.7322 0.86 0 1 1538686394.0
0.61328324457 0.5 0.5 0.8 0.401333333333 0.0298 0.0304 0.7322 0.86 0 1 1538686394.0
0.61328324457 0.5 0.5 0.8 0.401333333333 0.0298 0.0304 0.7322 0.86 0 1 1538686394.0
0.61328324457 0.5 0.5 0.8 0.401333333333 0.0298 0.0304 0.7322 0.86 0 1 1538686394.0
0.61328324457 0.5 0.5 0.8 0.401333333333 0.0298 0.0304 0.7322 0.86 0 1 1538686394.0
0.61328324457 0.5 0.5 0.8 0.401333333333 0.0298 0.0304 0.7322 0.86 0 1 1538686394.0
0.61328324457 0.5 0.5 0.8 0.401333333333 0.0298 0.0304 0.7322 0.86 0 1 1538686394.0
0.61328324457 0.5 0.5 0.8 0.401333333333 0.0298 0.0304 0.7322 0.86 0 1 1538686394.0
0.61328324457 0.5 0.5 0.8 0.401333333333 0.0298 0.0304 0.7322 0.86 0 1 1538686394.0
0.61328324457 0.5 0.5 0.8 0.401333333333 0.0298 0.0304 0.7322 0.86 0 1 1538686394.0
0.61328324457 0.5 0.5 0.8 0.401333333333 0.0298 0.0304 0.7322 0.86 0 1 1538686394.0
0.61328324457 0.5 0.5 0.8 0.401333333333 0.0298 0.0304 0.7322 0.86 0 1 1538686394.0
0.61328324457 0.5 0.5 0.8 0.401333333333 0.0298 0.0304 0.7322 0.86 0 1 1538686394.0
0.61328324457 0.5 0.5 0.8 0.401333333333 0.0298 0.0304 0.7322 0.86 0 1 1538686394.0
0.61328324457 0.5 0.5 0.8 0.401333333333 0.0298 0.0304 0.7322 0.86 0 1 1538686394.0
0.61328324457 0.5 0.5 0.8 0.401333333333 0.0298 0.0304 0.7322 0.86 0 1 1538686394.0
0.61328324457 0.5 0.5 0.8 0.401333333333 0.0298 0.0304 0.7322 0.86 0 1 1538686394.0
0.61328324457 0.5 0.5 0.8 0.401333333333 0.0298 0.0304 0.7322 0.86 0 1 1538686394.0
0.61328324457 0.5 0.5 0.8 0.401333333333 0.0298 0.0304 0.7322 0.86 0 1 1538686394.0
0.61328324457 0.5 0.5 0.8 0.401333333333 0.0298 0.0304 0.7322 0.86 0 1 1538686394.0
0.61328324457 0.5 0.5 0.8 0.401333333333 0.0298 0.0304 0.7322 0.86 0 1 1538686394.0
0.61328324457 0.5 0.5 0.8 0.401333333333 0.0298 0.0304 0.7322 0.86 0 1 1538686394.0
0.61328324457 0.5 0.5 0.8 0.401333333333 0.0298 0.0304 0.7322 0.86 0 1 1538686394.0
0.61328324457 0.5 0.5 0.8 0.401333333333 0.0298 0.0304 0.7322 0.86 0 1 1538686394.0
0.61328324457 0.5 0.5 0.8 0.401333333333 0.0298 0.0304 0.7322 0.86 0 1 1538686394.0
0.61328324457 0.5 0.5 0.8 0.401333333333 0.0298 0.0304 0.7322 0.86 0 1 1538686394.0
0.61328324457 0.5 0.5 0.8 0.401333333333 0.0298 0.0304 0.7322 0.86 0 1 1538686394.0
0.61328324457 0.5 0.5 0.8 0.401333333333 0.0298 0.0304 0.7322 0.86 0 1 1538686394.0
0.61328324457 0.5 0.5 0.8 0.401333333333 0.0298 0.0304 0.7322 0.86 0 1 1538686394.0
0.61328324457 0.5 0.5 0.8 0.401333333333 0.0298 0.0304 0.7322 0.86 0 1 1538686394.0
0.61328324457 0.5 0.5 0.8 0.401333333333 0.0298 0.0304 0.7322 0.86 0 1 1538686394.0
0.61328324457 0.5 0.5 0.8 0.401333333333 0.0298 0.0304 0.7322 0.86 0 1 1538686394.0
0.61328324457 0.5 0.5 0.8 0.401333333333 0.0298 0.0304 0.7322 0.86 0 1 1538686394.0
0.61328324457 0.5 0.5 0.8 0.401333333333 0.0298 0.0304 0.7322 0.86 0 1 1538686394.0
0.61328324457 0.5 0.5 0.8 0.401333333333 0.0298 0.0304 0.7322 0.86 0 1 1538686394.0
0.61328324457 0.5 0.5 0.8 0.401333333333 0.0298 0.0304 0.7322 0.86 0 1 1538686394.0
0.61328324457 0.5 0.5 0.8 0.401333333333 0.0298 0.0304 0.7322 0.86 0 1 1538686394.0
0.61328324457 0.5 0.5 0.8 0.401333333333 0.0298 0.0304 0.7322 0.86 0 1 1538686394.0
0.61328324457 0.5 0.5 0.8 0.401333333333 0.0298 0.0304 0.7322 0.86 0 1 1538686394.0
0.61328324457 0.5 0.5 0.8 0.401333333333 0.0298 0.0304 0.7322 0.86 0 1 1538686394.0
0.61328324457 0.5 0.5 0.8 0.401333333333 0.0298 0.0304 0.7322 0.86 0 1 1538686394.0
0.61328324457 0.5 0.5 0.8 0.401333333333 0.0298 0.0304 0.7322 0.86 0 1 1538686394.0
0.61328324457 0.5 0.5 0.8 0.401333333333 0.0298 0.0304 0.7322 0.86 0 1 1538686394.0
0.61328324457 0.5 0.5 0.8 0.401333333333 0.0298 0.0304 0.7322 0.86 0 1 1538686394.0
0.61328324457 0.5 0.5 0.8 0.401333333333 0.0298 0.0304 0.7322 0.86 0 1 1538686394.0
0.61328324457 0.5 0.5 0.8 0.401333333333 0.0298 0.0304 0.7322 0.86 0 1 1538686394.0
0.61328324457 0.5 0.5 0.8 0.401333333333 0.0298 0.0304 0.7322 0.86 0 1 1538686394.0
0.61328324457 0.5 0.5 0.8 0.401333333333 0.0298 0.0304 0.7322 0.86 0 1 1538686394.0
0.61328324457 0.5 0.5 0.8 0.401333333333 0.0298 0.0304 0.7322 0.86 0 1 1538686394.0
0.61328324457 0.5 0.5 0.8 0.401333333333 0.0298 0.0304 0.7322 0.86 0 1 1538686394.0
0.61328324457 0.5 0.5 0.8 0.401333333333 0.0298 0.0304 0.7322 0.86 0 1 1538686394.0
0.61328324457 0.5 0.5 0.8 0.401333333333 0.0298 0.0304 0.7322 0.86 0 1 1538686394.0
0.61328324457 0.5 0.5 0.8 0.401333333333 0.0298 0.0304 0.7322 0.86 0 1 1538686394.0
0.61328324457 0.5 0.5 0.8 0.401333333333 0.0298 0.0304 0.7322 0.86 0 1 1538686394.0
0.61328324457 0.5 0.5 0.8 0.401333333333 0.0298 0.0304 0.7322 0.86 0 1 1538686394.0
0.61328324457 0.5 0.5 0.8 0.401333333333 0.0298 0.0304 0.7322 0.86 0 1 1538686394.0
0.61328324457 0.5 0.5 0.8 0.401333333333 0.0298 0.0304 0.7322 0.86 0 1 1538686394.0
0.61328324457 0.5 0.5 0.8 0.401333333333 0.0298 0.0304 0.7322 0.86 0 1 1538686394.0
0.61328324457 0.5 0.5 0.8 0.401333333333 0.0298 0.0304 0.7322 0.86 0 1 1538686394.0
0.61328324457 0.5 0.5 0.8 0.401333333333 0.0298 0.0304 0.7322 0.86 0 1 1538686394.0
0.61328324457 0.5 0.5 0.8 0.401333333333 0.0298 0.0304 0.7322 0.86 0 1 1538686394.0
0.61328324457 0.5 0.5 0.8 0.401333333333 0.0298 0.0304 0.7322 0.86 0 1 1538686394.0
0.61328324457 0.5 0.5 0.8 0.401333333333 0.0298 0.0304 0.7322 0.86 0 1 1538686394.0
0.61328324457 0.5 0.5 0.8 0.401333333333 0.0298 0.0304 0.7322 0.86 0 1 1538686394.0
0.61328324457 0.5 0.5 0.8 0.401333333333 0.0298 0.0304 0.7322 0.86 0 1 1538686394.0
0.61328324457 0.5 0.5 0.8 0.401333333333 0.0298 0.0304 0.7322 0.86 0 1 1538686394.0
0.61328324457 0.5 0.5 0.8 0.401333333333 0.0298 0.0304 0.7322 0.86 0 1 1538686394.0
0.61328324457 0.5 0.5 0.8 0.401333333333 0.0298 0.0304 0.7322 0.86 0 1 1538686394.0
0.61328324457 0.5 0.5 0.8 0.401333333333 0.0298 0.0304 0.7322 0.86 0 1 1538686394.0
0.61328324457 0.5 0.5 0.8 0.401333333333 0.0298 0.0304 0.7322 0.86 0 1 1538686394.0
0.61328324457 0.5 0.5 0.8 0.401333333333 0.0298 0.0304 0.7322 0.86 0 1 1538686394.0
0.61328324457 0.5 0.5 0.8 0.401333333333 0.0298 0.0304 0.7322 0.86 0 1 1538686394.0
0.61328324457 0.5 0.5 0.8 0.401333333333 0.0298 0.0304 0.7322 0.86 0 1 1538686395.0
0.61328324457 0.5 0.5 0.8 0.401333333333 0.0298 0.0304 0.7322 0.86 0 1 1538686394.0
0.61328324457 0.5 0.5 0.8 0.401333333333 0.0298 0.0304 0.7322 0.86 0 1 1538686394.0
0.61328324457 0.5 0.5 0.8 0.401333333333 0.0298 0.0304 0.7322 0.86 0 1 1538686394.0
0.61328324457 0.5 0.5 0.8 0.401333333333 0.0298 0.0304 0.7322 0.86 0 1 1538686394.0
0.61328324457 0.5 0.5 0.8 0.401333333333 0.0298 0.0304 0.7322 0.86 0 1 1538686394.0
0.61328324457 0.5 0.5 0.8 0.401333333333 0.0298 0.0304 0.7322 0.86 0 1 1538686394.0
0.61328324457 0.5 0.5 0.8 0.401333333333 0.0298 0.0304 0.7322 0.86 0 1 1538686394.0
0.61328324457 0.5 0.5 0.8 0.401333333333 0.0298 0.0304 0.7322 0.86 0 1 1538686394.0
0.61328324457 0.5 0.5 0.8 0.401333333333 0.0298 0.0304 0.7322 0.86 0 1 1538686394.0
0.61328324457 0.5 0.5 0.8 0.401333333333 0.0298 0.0304 0.7322 0.86 0 1 1538686394.0
0.61328324457 0.5 0.5 0.8 0.401333333333 0.0298 0.0304 0.7322 0.86 0 1 1538686394.0
0.61328324457 0.5 0.5 0.8 0.401333333333 0.0298 0.0304 0.7322 0.86 0 1 1538686395.0
0.61328324457 0.5 0.5 0.8 0.401333333333 0.0298 0.0304 0.7322 0.86 0 1 1538686395.0
0.61328324457 0.5 0.5 0.8 0.401333333333 0.0298 0.0304 0.7322 0.86 0 1 1538686395.0
0.61328324457 0.5 0.5 0.8 0.401333333333 0.0298 0.0304 0.7322 0.86 0 1 1538686396.0
0.61328324457 0.5 0.5 0.8 0.401333333333 0.0298 0.0304 0.7322 0.86 0 1 1538686397.0
0.61328324457 0.5 0.5 0.8 0.401333333333 0.0298 0.0304 0.7322 0.86 0 1 1538686397.0
0.61328324457 0.5 0.5 0.8 0.401333333333 0.0298 0.0304 0.7322 0.86 0 1 1538686397.0
0.61328324457 0.5 0.5 0.8 0.401333333333 0.0298 0.0304 0.7322 0.86 0 1 1538686397.0
0.61328324457 0.5 0.5 0.8 0.401333333333 0.0298 0.0304 0.7322 0.86 0 1 1538686397.0
0.61328324457 0.5 0.5 0.8 0.401333333333 0.0298 0.0304 0.7322 0.86 0 1 1538686397.0
0.61328324457 0.5 0.5 0.8 0.401333333333 0.0298 0.0304 0.7322 0.86 0 1 1538686397.0
0.61328324457 0.5 0.5 0.8 0.401333333333 0.0298 0.0304 0.7322 0.86 0 1 1538686396.0
0.61328324457 0.5 0.5 0.8 0.401333333333 0.0298 0.0304 0.7322 0.86 0 1 1538686397.0
0.61328324457 0.5 0.5 0.8 0.401333333333 0.0298 0.0304 0.7322 0.86 0 1 1538686396.0
0.61328324457 0.5 0.5 0.8 0.401333333333 0.0298 0.0304 0.7322 0.86 0 1 1538686397.0
0.61328324457 0.5 0.5 0.8 0.401333333333 0.0298 0.0304 0.7322 0.86 0 1 1538686396.0
0.61328324457 0.5 0.5 0.8 0.401333333333 0.0298 0.0304 0.7322 0.86 0 1 1538686397.0
0.61328324457 0.5 0.5 0.8 0.401333333333 0.0298 0.0304 0.7322 0.86 0 1 1538686397.0
0.61328324457 0.5 0.5 0.8 0.401333333333 0.0298 0.0304 0.7322 0.86 0 1 1538686397.0
0.61328324457 0.5 0.5 0.8 0.401333333333 0.0298 0.0304 0.7322 0.86 0 1 1538686397.0
0.61328324457 0.5 0.5 0.8 0.401333333333 0.0298 0.0304 0.7322 0.86 0 1 1538686397.0
0.61328324457 0.5 0.5 0.8 0.401333333333 0.0298 0.0304 0.7322 0.86 0 1 1538686397.0
0.61328324457 0.5 0.5 0.8 0.401333333333 0.0298 0.0304 0.7322 0.86 0 1 1538686397.0
0.61328324457 0.5 0.5 0.8 0.401333333333 0.0298 0.0304 0.7322 0.86 0 1 1538686397.0
0.61328324457 0.5 0.5 0.8 0.401333333333 0.0298 0.0304 0.7322 0.86 0 1 1538686397.0
0.61328324457 0.5 0.5 0.8 0.401333333333 0.0298 0.0304 0.7322 0.86 0 1 1538686397.0
0.61328324457 0.5 0.5 0.8 0.401333333333 0.0298 0.0304 0.7322 0.86 0 1 1538686396.0
0.61328324457 0.5 0.5 0.8 0.401333333333 0.0298 0.0304 0.7322 0.86 0 1 1538686397.0
0.61328324457 0.5 0.5 0.8 0.401333333333 0.0298 0.0304 0.7322 0.86 0 1 1538686396.0
0.61328324457 0.5 0.5 0.8 0.401333333333 0.0298 0.0304 0.7322 0.86 0 1 1538686397.0
0.61328324457 0.5 0.5 0.8 0.401333333333 0.0298 0.0304 0.7322 0.86 0 1 1538686397.0
0.61328324457 0.5 0.5 0.8 0.401333333333 0.0298 0.0304 0.7322 0.86 0 1 1538686396.0
0.61328324457 0.5 0.5 0.8 0.401333333333 0.0298 0.0304 0.7322 0.86 0 1 1538686398.0
0.61328324457 0.5 0.5 0.8 0.401333333333 0.0298 0.0304 0.7322 0.86 0 1 1538686398.0
0.61328324457 0.5 0.5 0.8 0.401333333333 0.0298 0.0304 0.7322 0.86 0 1 1538686398.0
0.61328324457 0.5 0.5 0.8 0.401333333333 0.0298 0.0304 0.7322 0.86 0 1 1538686398.0
0.61328324457 0.5 0.5 0.8 0.401333333333 0.0298 0.0304 0.7322 0.86 0 1 1538686398.0
0.61328324457 0.5 0.5 0.8 0.401333333333 0.0298 0.0304 0.7322 0.86 0 1 1538686398.0
0.61328324457 0.5 0.5 0.8 0.401333333333 0.0298 0.0304 0.7322 0.86 0 1 1538686398.0
0.61328324457 0.5 0.5 0.8 0.401333333333 0.0298 0.0304 0.7322 0.86 0 1 1538686398.0
0.61328324457 0.5 0.5 0.8 0.401333333333 0.0298 0.0304 0.7322 0.86 0 1 1538686398.0
0.61328324457 0.5 0.5 0.8 0.282 0.0292 0.0414 0.7322 0.86 0 1 1538686398.0
0.61328324457 0.5 0.5 0.8 0.401333333333 0.0298 0.0304 0.7322 0.86 0 1 1538686399.0
0.61328324457 0.5 0.5 0.8 0.401333333333 0.0298 0.0304 0.7322 0.86 0 1 1538686399.0
0.61328324457 0.5 0.5 0.8 0.401333333333 0.0298 0.0304 0.7322 0.86 0 1 1538686399.0
0.61328324457 0.5 0.5 0.8 0.401333333333 0.0298 0.0304 0.7322 0.86 0 1 1538686399.0
0.61328324457 0.5 0.5 0.8 0.401333333333 0.0298 0.0304 0.7322 0.86 0 1 1538686399.0
0.61328324457 0.5 0.5 0.8 0.401333333333 0.0298 0.0304 0.7322 0.86 0 1 1538686399.0
0.61328324457 0.5 0.5 0.8 0.401333333333 0.0298 0.0304 0.7322 0.86 0 1 1538686399.0
0.61328324457 0.5 0.5 0.8 0.401333333333 0.0298 0.0304 0.7322 0.86 0 1 1538686399.0
0.61328324457 0.5 0.5 0.8 0.401333333333 0.0298 0.0304 0.7322 0.86 0 1 1538686399.0
0.61328324457 0.5 0.5 0.8 0.401333333333 0.0298 0.0304 0.7322 0.86 0 1 1538686399.0
0.61328324457 0.5 0.5 0.8 0.401333333333 0.0298 0.0304 0.7322 0.86 0 1 1538686399.0
0.61328324457 0.5 0.5 0.8 0.401333333333 0.0298 0.0304 0.7322 0.86 0 1 1538686399.0
0.61328324457 0.5 0.5 0.8 0.401333333333 0.0298 0.0304 0.7322 0.86 0 1 1538686399.0
0.61328324457 0.5 0.5 0.8 0.401333333333 0.0298 0.0304 0.7322 0.86 0 1 1538686400.0
0.61328324457 0.5 0.5 0.8 0.401333333333 0.0298 0.0304 0.7322 0.86 0 1 1538686400.0
0.61328324457 0.5 0.5 0.8 0.401333333333 0.0298 0.0304 0.7322 0.86 0 1 1538686400.0
0.61328324457 0.5 0.5 0.8 0.401333333333 0.0298 0.0304 0.7322 0.86 0 1 1538686401.0
0.61328324457 0.5 0.5 0.8 0.401333333333 0.0298 0.0304 0.7322 0.86 0 1 1538686401.0
0.61328324457 0.5 0.5 0.8 0.401333333333 0.0298 0.0304 0.7322 0.86 0 1 1538686401.0
0.61328324457 0.5 0.5 0.8 0.401333333333 0.0298 0.0304 0.7322 0.86 0 1 1538686401.0
0.61328324457 0.5 0.5 0.8 0.401333333333 0.0298 0.0304 0.7322 0.86 0 1 1538686401.0
0.61328324457 0.5 0.5 0.8 0.401333333333 0.0298 0.0304 0.7322 0.86 0 1 1538686401.0
0.61328324457 0.5 0.5 0.8 0.401333333333 0.0298 0.0304 0.7322 0.86 0 1 1538686401.0
0.61328324457 0.5 0.5 0.8 0.401333333333 0.0298 0.0304 0.7322 0.86 0 1 1538686401.0
0.61328324457 0.5 0.5 0.8 0.401333333333 0.0298 0.0304 0.7322 0.86 0 1 1538686401.0
0.61328324457 0.5 0.5 0.8 0.401333333333 0.0298 0.0304 0.7322 0.86 0 1 1538686401.0
0.61328324457 0.5 0.5 0.8 0.401333333333 0.0298 0.0304 0.7322 0.86 0 1 1538686401.0
0.61328324457 0.5 0.5 0.8 0.316 0.0304 0.0324 0.009 0.0045 0 1 1538686412.0
0.61328324457 0.5 0.5 0.8 0.316 0.0304 0.0324 0.009 0.0045 0 1 1538686412.0
0.61328324457 0.5 0.5 0.8 0.316 0.0304 0.0324 0.009 0.0045 0 1 1538686412.0
0.61328324457 0.5 0.5 0.8 0.316 0.0304 0.0324 0.009 0.0045 0 1 1538686412.0
0.61328324457 0.5 0.5 0.8 0.316 0.0304 0.0324 0.009 0.0045 0 1 1538686412.0
0.61328324457 0.5 0.5 0.8 0.316 0.0304 0.0324 0.009 0.0045 0 1 1538686412.0
0.61328324457 0.5 0.5 0.8 0.316 0.0304 0.0324 0.009 0.0045 0 1 1538686413.0
0.61328324457 0.5 0.5 0.8 0.316 0.0304 0.0324 0.009 0.0045 0 1 1538686413.0
0.61328324457 0.5 0.5 0.8 0.316 0.0304 0.0324 0.009 0.0045 0 1 1538686414.0
0.61328324457 0.5 0.5 0.8 0.316 0.0304 0.0324 0.009 0.0045 0 1 1538686414.0
0.61328324457 0.5 0.5 0.8 0.316 0.0304 0.0324 0.009 0.0045 0 1 1538686414.0
0.61328324457 0.5 0.5 0.8 0.316 0.0304 0.0324 0.009 0.0045 0 1 1538686414.0
0.61328324457 0.5 0.5 0.8 0.316 0.0304 0.0324 0.009 0.0045 0 1 1538686416.0
0.61328324457 0.5 0.5 0.8 0.316 0.0304 0.0324 0.009 0.0045 0 1 1538686416.0
0.61328324457 0.5 0.5 0.8 0.316 0.0304 0.0324 0.009 0.0045 0 1 1538686416.0
0.61328324457 0.5 0.5 0.8 0.316 0.0304 0.0324 0.009 0.0045 0 1 1538686416.0
0.61328324457 0.5 0.5 0.8 0.316 0.0304 0.0324 0.009 0.0045 0 1 1538686416.0
0.61328324457 0.5 0.5 0.8 0.316 0.0304 0.0324 0.009 0.0045 0 1 1538686416.0
0.61328324457 0.5 0.5 0.8 0.316 0.0304 0.0324 0.009 0.0045 0 1 1538686416.0
0.61328324457 0.5 0.5 0.8 0.316 0.0304 0.0324 0.009 0.0045 0 1 1538686416.0
0.61328324457 0.5 0.5 0.8 0.316 0.0304 0.0324 0.009 0.0045 0 1 1538686427.0
0.61328324457 0.5 0.5 0.8 0.316 0.0304 0.0324 0.009 0.0045 0 1 1538686427.0
0.61328324457 0.5 0.5 0.8 0.532333333333 0.0296 0.0096 0.009 0.0045 0 1 1538619551.0
0.61328324457 0.5 0.5 0.8 0.282 0.0292 0.0414 0.7322 0.6041 0 1 1538669700.0
0.61328324457 0.5 0.5 0.8 0.282 0.0304 0.0324 0.7322 0.6041 0 1 1538669739.0
0.61328324457 0.5 0.5 0.8 0.401333333333 0.0304 0.0324 0.7322 0.6041 0 1 1538669730.0
0.61328324457 0.5 0.5 0.8 0.401333333333 0.0298 0.0304 0.7322 0.6041 0 1 1538669708.0
0.61328324457 0.5 0.5 0.8 0.532333333333 0.0296 0.0096 0.009 0.0045 0 1 1538619551.0
0.61328324457 0.5 0.5 0.8 0.532333333333 0.0296 0.0096 0.009 0.0045 0 1 1538619551.0
0.61328324457 0.5 0.5 0.8 0.316 0.0304 0.0324 0.009 0.0045 0 1 1538679572.0
0.61328324457 0.5 0.5 0.8 0.316 0.0304 0.0324 0.009 0.0045 0 1 1538679573.0
0.61328324457 0.5 0.5 0.8 0.316 0.0304 0.0324 0.009 0.0045 0 1 1538679573.0
0.61328324457 0.5 0.5 0.8 0.316 0.0304 0.0324 0.009 0.0045 0 1 1538679573.0
0.61328324457 0.5 0.5 0.8 0.316 0.0304 0.0324 0.009 0.0045 0 1 1538679573.0
0.61328324457 0.5 0.5 0.8 0.282 0.0292 0.0408 0.009 0.8968 0 1 1538679800.0
0.61328324457 0.5 0.5 0.8 0.282 0.0292 0.0396 0.009 0.8968 0 1 1538679863.0
0.371676606213 0.5 0.5 0.8 0.282 0.0292 0.0414 0.009 0.7904 0 1 1538680287.0